
          -------------------------------------------------------
          Amber 18 SANDER                              2018
          -------------------------------------------------------

| Run on 03/30/2021 at 12:47:57

|   Executable path: /home/jiangyao/amber18/bin/sander
| Working directory: /home/jiangyao/PEMPNI/output/energy_feature/GB2/mt
|          Hostname: localhost.localdomain

  [-O]verwriting output

File Assignments:
|  MDIN: min1.in                                                               
| MDOUT: min1.out                                                              
|INPCRD: com_solvated.inpcrd                                                   
|  PARM: com_solvated.prmtop                                                   
|RESTRT: min1.rst                                                              
|  REFC: com_solvated.inpcrd                                                   
| MDVEL: mdvel                                                                 
| MDFRC: mdfrc                                                                 
|  MDEN: mden                                                                  
| MDCRD: min1.mdcrd                                                            
|MDINFO: mdinfo                                                                
|  MTMD: mtmd                                                                  
|INPDIP: inpdip                                                                
|RSTDIP: rstdip                                                                
|INPTRA: inptraj                                                               


 Here is the input file:

minimise                                                                       
&cntrl                                                                         
  imin=1,maxcyc=5000,ncyc=2000,                                                
  cut=10.0,ntb=1,                                                              
  ntc=2,ntf=2,                                                                 
  ntpr=100, ntwx = 100,                                                        
  ntr = 1, restraint_wt = 50, restraintmask = '@CA,C,O,N'                      
/                                                                              

--------------------------------------------------------------------------------
   1.  RESOURCE   USE: 
--------------------------------------------------------------------------------

| Flags:                                                                        
 getting new box info from bottom of inpcrd
|  INFO: Old style inpcrd file read

| peek_ewald_inpcrd: Box info found
|Largest sphere to fit in unit cell has radius =    41.759
| New format PARM file being parsed.
| Version =    1.000 Date = 03/30/21 Time = 12:47:56
 NATOM  =   68188 NTYPES =      20 NBONH =   64908 MBONA  =    3438
 NTHETH =    5444 MTHETA =    5055 NPHIH =   11292 MPHIA  =   12239
 NHPARM =       0 NPARM  =       0 NNB   =  114544 NRES   =   21187
 NBONA  =    3438 NTHETA =    5055 NPHIA =   12239 NUMBND =      97
 NUMANG =     220 NPTRA  =     209 NATYP =      43 NPHB   =       1
 IFBOX  =       1 NMXRS  =      34 IFCAP =       0 NEXTRA =       0
 NCOPY  =       0


|     Memory Use     Allocated
|     Real             5679995
|     Hollerith         225753
|     Integer          2712232
|     Max Pairs       39276288
|     nblistReal        818256
|     nblist Int       2705147
|       Total           226234 kbytes

| Note: 1-4 EEL scale factors are being read from the topology file.

| Note: 1-4 VDW scale factors are being read from the topology file.
| Duplicated    0 dihedrals
| Duplicated    0 dihedrals

     BOX TYPE: RECTILINEAR

--------------------------------------------------------------------------------
   2.  CONTROL  DATA  FOR  THE  RUN
--------------------------------------------------------------------------------

default_name                                                                    

General flags:
     imin    =       1, nmropt  =       0

Nature and format of input:
     ntx     =       1, irest   =       0, ntrx    =       1

Nature and format of output:
     ntxo    =       2, ntpr    =     100, ntrx    =       1, ntwr    =       1
     iwrap   =       0, ntwx    =     100, ntwv    =       0, ntwe    =       0
     ioutfm  =       1, ntwprt  =       0, idecomp =       0, rbornstat=      0

Potential function:
     ntf     =       2, ntb     =       1, igb     =       0, nsnb    =      25
     ipol    =       0, gbsa    =       0, iesp    =       0
     dielc   =   1.00000, cut     =  10.00000, intdiel =   1.00000

Frozen or restrained atoms:
     ibelly  =       0, ntr     =       1
     restraint_wt =  50.00000

Energy minimization:
     maxcyc  =    5000, ncyc    =    2000, ntmin   =       1
     dx0     =   0.01000, drms    =   0.00010

SHAKE:
     ntc     =       2, jfastw  =       0
     tol     =   0.00001

Ewald parameters:
     verbose =       0, ew_type =       0, nbflag  =       1, use_pme =       1
     vdwmeth =       1, eedmeth =       1, netfrc  =       0
     Box X =   97.350   Box Y =   83.518   Box Z =  102.030
     Alpha =   90.000   Beta  =   90.000   Gamma =   90.000
     NFFT1 =  100       NFFT2 =   90       NFFT3 =  108
     Cutoff=   10.000   Tol   =0.100E-04
     Ewald Coefficient =  0.27511
     Interpolation order =    4

    LOADING THE CONSTRAINED ATOMS AS GROUPS


   5.  REFERENCE ATOM COORDINATES

  defa
     Mask @CA,C,O,N; matches 21582 atoms

--------------------------------------------------------------------------------
   3.  ATOMIC COORDINATES AND VELOCITIES
--------------------------------------------------------------------------------

default_name                                                                    
 begin time read from input coords =     0.000 ps

 Number of triangulated 3-point waters found:    20842

     Sum of charges from parm topology file =  -0.00000011
     Forcing neutrality...

--------------------------------------------------------------------------------
   4.  RESULTS
--------------------------------------------------------------------------------

 ---------------------------------------------------
 APPROXIMATING switch and d/dx switch using CUBIC SPLINE INTERPOLATION
 using   5000.0 points per unit in tabled values
 TESTING RELATIVE ERROR over r ranging from 0.0 to cutoff
| CHECK switch(x): max rel err =   0.2738E-14   at   2.422500
| CHECK d/dx switch(x): max rel err =   0.8314E-11   at   2.736960
 ---------------------------------------------------
| Local SIZE OF NONBOND LIST =   20680986
| TOTAL SIZE OF NONBOND LIST =   20680986


   NSTEP       ENERGY          RMS            GMAX         NAME    NUMBER
      1      -2.0090E+05     1.6273E+01     3.6532E+02     HB       5419

 BOND    =      161.0017  ANGLE   =     3536.6872  DIHED      =     3763.7692
 VDWAALS =    19337.4128  EEL     =  -228143.2944  HBOND      =        0.0000
 1-4 VDW =     2477.5727  1-4 EEL =    -2029.9337  RESTRAINT  =        0.0005
 EAMBER  =  -200896.7843


   NSTEP       ENERGY          RMS            GMAX         NAME    NUMBER
    100      -2.0642E+05     1.2604E+01     8.5532E+01     OXT      5582

 BOND    =      161.0788  ANGLE   =     1322.6909  DIHED      =     3742.3656
 VDWAALS =    15061.9693  EEL     =  -230649.7482  HBOND      =        0.0000
 1-4 VDW =     1598.6865  1-4 EEL =    -2428.4910  RESTRAINT  =     4772.7509
 EAMBER  =  -211191.4480


   NSTEP       ENERGY          RMS            GMAX         NAME    NUMBER
    200      -2.0642E+05     1.2604E+01     8.5531E+01     OXT      5582

 BOND    =      161.0783  ANGLE   =     1322.6830  DIHED      =     3742.3655
 VDWAALS =    15061.9324  EEL     =  -230649.7757  HBOND      =        0.0000
 1-4 VDW =     1598.6835  1-4 EEL =    -2428.4951  RESTRAINT  =     4772.8772
 EAMBER  =  -211191.5281


   NSTEP       ENERGY          RMS            GMAX         NAME    NUMBER
    300      -2.0642E+05     1.2604E+01     8.5531E+01     OXT      5582

 BOND    =      161.0778  ANGLE   =     1322.6753  DIHED      =     3742.3654
 VDWAALS =    15061.9000  EEL     =  -230649.8033  HBOND      =        0.0000
 1-4 VDW =     1598.6805  1-4 EEL =    -2428.4990  RESTRAINT  =     4773.0004
 EAMBER  =  -211191.6033


   NSTEP       ENERGY          RMS            GMAX         NAME    NUMBER
    400      -2.0642E+05     1.2604E+01     8.5530E+01     OXT      5582

 BOND    =      161.0773  ANGLE   =     1322.6674  DIHED      =     3742.3653
 VDWAALS =    15061.8657  EEL     =  -230649.8290  HBOND      =        0.0000
 1-4 VDW =     1598.6775  1-4 EEL =    -2428.5028  RESTRAINT  =     4773.1245
 EAMBER  =  -211191.6785


   NSTEP       ENERGY          RMS            GMAX         NAME    NUMBER
    500      -2.0642E+05     1.2604E+01     8.5530E+01     OXT      5582

 BOND    =      161.0768  ANGLE   =     1322.6595  DIHED      =     3742.3652
 VDWAALS =    15061.8324  EEL     =  -230649.8523  HBOND      =        0.0000
 1-4 VDW =     1598.6745  1-4 EEL =    -2428.5063  RESTRAINT  =     4773.2485
 EAMBER  =  -211191.7502


   NSTEP       ENERGY          RMS            GMAX         NAME    NUMBER
    600      -2.0642E+05     1.2604E+01     8.5529E+01     OXT      5582

 BOND    =      161.0763  ANGLE   =     1322.6517  DIHED      =     3742.3650
 VDWAALS =    15061.7996  EEL     =  -230649.8765  HBOND      =        0.0000
 1-4 VDW =     1598.6715  1-4 EEL =    -2428.5101  RESTRAINT  =     4773.3725
 EAMBER  =  -211191.8224


   NSTEP       ENERGY          RMS            GMAX         NAME    NUMBER
    700      -2.0642E+05     1.2604E+01     8.5529E+01     OXT      5582

 BOND    =      161.0758  ANGLE   =     1322.6439  DIHED      =     3742.3649
 VDWAALS =    15061.7645  EEL     =  -230649.9004  HBOND      =        0.0000
 1-4 VDW =     1598.6685  1-4 EEL =    -2428.5135  RESTRAINT  =     4773.4966
 EAMBER  =  -211191.8964


   NSTEP       ENERGY          RMS            GMAX         NAME    NUMBER
    800      -2.0642E+05     1.2604E+01     8.5528E+01     OXT      5582

 BOND    =      161.0753  ANGLE   =     1322.6357  DIHED      =     3742.3648
 VDWAALS =    15061.7303  EEL     =  -230649.9254  HBOND      =        0.0000
 1-4 VDW =     1598.6654  1-4 EEL =    -2428.5168  RESTRAINT  =     4773.6251
 EAMBER  =  -211191.9708


   NSTEP       ENERGY          RMS            GMAX         NAME    NUMBER
    900      -2.0642E+05     1.2604E+01     8.5528E+01     OXT      5582

 BOND    =      161.0748  ANGLE   =     1322.6278  DIHED      =     3742.3647
 VDWAALS =    15061.6975  EEL     =  -230649.9504  HBOND      =        0.0000
 1-4 VDW =     1598.6623  1-4 EEL =    -2428.5204  RESTRAINT  =     4773.7491
 EAMBER  =  -211192.0436


   NSTEP       ENERGY          RMS            GMAX         NAME    NUMBER
   1000      -2.0642E+05     1.2604E+01     8.5527E+01     OXT      5582

 BOND    =      161.0743  ANGLE   =     1322.6200  DIHED      =     3742.3646
 VDWAALS =    15061.6652  EEL     =  -230649.9756  HBOND      =        0.0000
 1-4 VDW =     1598.6592  1-4 EEL =    -2428.5243  RESTRAINT  =     4773.8732
 EAMBER  =  -211192.1167


   NSTEP       ENERGY          RMS            GMAX         NAME    NUMBER
   1100      -2.0642E+05     1.2604E+01     8.5527E+01     OXT      5582

 BOND    =      161.0738  ANGLE   =     1322.6121  DIHED      =     3742.3645
 VDWAALS =    15061.6312  EEL     =  -230650.0007  HBOND      =        0.0000
 1-4 VDW =     1598.6562  1-4 EEL =    -2428.5277  RESTRAINT  =     4773.9972
 EAMBER  =  -211192.1907


   NSTEP       ENERGY          RMS            GMAX         NAME    NUMBER
   1200      -2.0642E+05     1.2604E+01     8.5526E+01     OXT      5582

 BOND    =      161.0733  ANGLE   =     1322.6043  DIHED      =     3742.3644
 VDWAALS =    15061.5978  EEL     =  -230650.0269  HBOND      =        0.0000
 1-4 VDW =     1598.6532  1-4 EEL =    -2428.5314  RESTRAINT  =     4774.1213
 EAMBER  =  -211192.2653


   NSTEP       ENERGY          RMS            GMAX         NAME    NUMBER
   1300      -2.0642E+05     1.2604E+01     8.5525E+01     OXT      5582

 BOND    =      161.0728  ANGLE   =     1322.5965  DIHED      =     3742.3643
 VDWAALS =    15061.5635  EEL     =  -230650.0519  HBOND      =        0.0000
 1-4 VDW =     1598.6502  1-4 EEL =    -2428.5353  RESTRAINT  =     4774.2453
 EAMBER  =  -211192.3400


   NSTEP       ENERGY          RMS            GMAX         NAME    NUMBER
   1400      -2.0642E+05     1.2604E+01     8.5525E+01     OXT      5582

 BOND    =      161.0723  ANGLE   =     1322.5886  DIHED      =     3742.3641
 VDWAALS =    15061.5309  EEL     =  -230650.0763  HBOND      =        0.0000
 1-4 VDW =     1598.6472  1-4 EEL =    -2428.5391  RESTRAINT  =     4774.3694
 EAMBER  =  -211192.4123


   NSTEP       ENERGY          RMS            GMAX         NAME    NUMBER
   1500      -2.0642E+05     1.2604E+01     8.5524E+01     OXT      5582

 BOND    =      161.0719  ANGLE   =     1322.5807  DIHED      =     3742.3640
 VDWAALS =    15061.4984  EEL     =  -230650.1051  HBOND      =        0.0000
 1-4 VDW =     1598.6442  1-4 EEL =    -2428.5418  RESTRAINT  =     4774.4935
 EAMBER  =  -211192.4878


   NSTEP       ENERGY          RMS            GMAX         NAME    NUMBER
   1600      -2.0642E+05     1.2604E+01     8.5524E+01     OXT      5582

 BOND    =      161.0714  ANGLE   =     1322.5728  DIHED      =     3742.3639
 VDWAALS =    15061.4642  EEL     =  -230650.1317  HBOND      =        0.0000
 1-4 VDW =     1598.6411  1-4 EEL =    -2428.5458  RESTRAINT  =     4774.6188
 EAMBER  =  -211192.5641


   NSTEP       ENERGY          RMS            GMAX         NAME    NUMBER
   1700      -2.0642E+05     1.2604E+01     8.5523E+01     OXT      5582

 BOND    =      161.0709  ANGLE   =     1322.5650  DIHED      =     3742.3638
 VDWAALS =    15061.4327  EEL     =  -230650.1566  HBOND      =        0.0000
 1-4 VDW =     1598.6380  1-4 EEL =    -2428.5493  RESTRAINT  =     4774.7428
 EAMBER  =  -211192.6355


   NSTEP       ENERGY          RMS            GMAX         NAME    NUMBER
   1800      -2.0642E+05     1.2604E+01     8.5523E+01     OXT      5582

 BOND    =      161.0704  ANGLE   =     1322.5571  DIHED      =     3742.3637
 VDWAALS =    15061.3985  EEL     =  -230650.1794  HBOND      =        0.0000
 1-4 VDW =     1598.6350  1-4 EEL =    -2428.5525  RESTRAINT  =     4774.8669
 EAMBER  =  -211192.7072


   NSTEP       ENERGY          RMS            GMAX         NAME    NUMBER
   1900      -2.0642E+05     1.2604E+01     8.5522E+01     OXT      5582

 BOND    =      161.0699  ANGLE   =     1322.5493  DIHED      =     3742.3636
 VDWAALS =    15061.3658  EEL     =  -230650.2031  HBOND      =        0.0000
 1-4 VDW =     1598.6319  1-4 EEL =    -2428.5560  RESTRAINT  =     4774.9914
 EAMBER  =  -211192.7787


   NSTEP       ENERGY          RMS            GMAX         NAME    NUMBER
   2000      -2.0642E+05     1.2604E+01     8.5522E+01     OXT      5582

 BOND    =      161.0694  ANGLE   =     1322.5415  DIHED      =     3742.3635
 VDWAALS =    15061.3333  EEL     =  -230650.2271  HBOND      =        0.0000
 1-4 VDW =     1598.6289  1-4 EEL =    -2428.5592  RESTRAINT  =     4775.1146
 EAMBER  =  -211192.8498

     ... RESTARTED DUE TO LINMIN FAILURE ...

     ... RESTARTED DUE TO LINMIN FAILURE ...

     ... RESTARTED DUE TO LINMIN FAILURE ...

     ... RESTARTED DUE TO LINMIN FAILURE ...


   NSTEP       ENERGY          RMS            GMAX         NAME    NUMBER
   2100      -2.0642E+05     1.2604E+01     8.5522E+01     OXT      5582

 BOND    =      161.0692  ANGLE   =     1322.5392  DIHED      =     3742.3634
 VDWAALS =    15061.3231  EEL     =  -230650.2353  HBOND      =        0.0000
 1-4 VDW =     1598.6280  1-4 EEL =    -2428.5603  RESTRAINT  =     4775.1523
 EAMBER  =  -211192.8727

     ... RESTARTED DUE TO LINMIN FAILURE ...

     ***** REPEATED LINMIN FAILURE *****

     ***** SEE http://ambermd.org/Questions/linmin.html FOR MORE INFO *****


                    FINAL RESULTS



   NSTEP       ENERGY          RMS            GMAX         NAME    NUMBER
   2114      -2.0642E+05     1.2604E+01     8.5522E+01     OXT      5582

 BOND    =      161.0692  ANGLE   =     1322.5388  DIHED      =     3742.3634
 VDWAALS =    15061.3216  EEL     =  -230650.2363  HBOND      =        0.0000
 1-4 VDW =     1598.6279  1-4 EEL =    -2428.5605  RESTRAINT  =     4775.1572
 EAMBER  =  -211192.8759

--------------------------------------------------------------------------------
   5.  TIMINGS
--------------------------------------------------------------------------------

|                Build the list             1.21 (55.85% of List )
|                Other                      0.95 (44.15% of List )
|             List time                  2.16 ( 0.08% of Nonbo)
|                   Short_ene time          2471.92 (99.51% of Direc)
|                   Other                     12.06 ( 0.49% of Direc)
|                Direct Ewald time       2483.98 (86.56% of Ewald)
|                Adjust Ewald time         13.27 ( 0.46% of Ewald)
|                   Fill Bspline coeffs       12.61 ( 3.41% of Recip)
|                   Fill charge grid          38.63 (10.46% of Recip)
|                   Scalar sum                87.76 (23.76% of Recip)
|                   Grad sum                  84.63 (22.91% of Recip)
|                   FFT time                 145.75 (39.46% of Recip)
|                Recip Ewald time         369.38 (12.87% of Ewald)
|                Virial junk                0.77 ( 0.03% of Ewald)
|                Other                      2.26 ( 0.08% of Ewald)
|             Ewald time              2869.67 (100.0% of Nonbo)
|          Nonbond force           2871.83 (99.12% of Force)
|          Bond/Angle/Dihedral       24.26 ( 0.84% of Force)
|          Other                      1.19 ( 0.04% of Force)
|       Force time              2897.28 (100.0% of Runmd)
|    Runmd Time              2897.28 (99.03% of Total)
|    Other                     28.24 ( 0.97% of Total)
| Total time              2925.63 (100.0% of ALL  )

| Number of list builds   :          1

| Highest rstack allocated:    3895262
| Highest istack allocated:      68188
|           Job began  at 12:47:57.670  on 03/30/2021
|           Setup done at 12:47:58.877  on 03/30/2021
|           Run   done at 13:36:43.302  on 03/30/2021
|     wallclock() was called   80382 times

|3D-RISM memory allocation summary
|Type          Maximum        Current   
|Integer       0.00000 GB     0.00000 GB
|Real          0.00000 GB     0.00000 GB
|Logical       0.00000 GB     0.00000 GB
|Character     0.00000 GB     0.00000 GB
|---------------------------------------
|Total         0.00000 GB     0.00000 GB
