
          -------------------------------------------------------
          Amber 18 SANDER                              2018
          -------------------------------------------------------

| Run on 03/30/2021 at 13:36:43

|   Executable path: /home/jiangyao/amber18/bin/sander
| Working directory: /home/jiangyao/PEMPNI/output/energy_feature/GB2/mt
|          Hostname: localhost.localdomain

  [-O]verwriting output

File Assignments:
|  MDIN: min2.in                                                               
| MDOUT: min2.out                                                              
|INPCRD: min1.rst                                                              
|  PARM: com_solvated.prmtop                                                   
|RESTRT: min2.rst                                                              
|  REFC: min1.rst                                                              
| MDVEL: mdvel                                                                 
| MDFRC: mdfrc                                                                 
|  MDEN: mden                                                                  
| MDCRD: min2.mdcrd                                                            
|MDINFO: mdinfo                                                                
|  MTMD: mtmd                                                                  
|INPDIP: inpdip                                                                
|RSTDIP: rstdip                                                                
|INPTRA: inptraj                                                               


 Here is the input file:

minimise                                                                       
&cntrl                                                                         
  imin=1,maxcyc=5000,ncyc=2000,                                                
  cut=10.0,ntb=1,                                                              
  ntc=2,ntf=2,                                                                 
  ntpr=100, ntwx = 100,                                                        
  ntr = 1, restraint_wt = 10, restraintmask = '@CA,C,O,N'                      
/                                                                              

--------------------------------------------------------------------------------
   1.  RESOURCE   USE: 
--------------------------------------------------------------------------------

| Flags:                                                                        
 getting box info from netcdf restart file
| NetCDF restart box info found
|Largest sphere to fit in unit cell has radius =    41.759
| New format PARM file being parsed.
| Version =    1.000 Date = 03/30/21 Time = 12:47:56
 NATOM  =   68188 NTYPES =      20 NBONH =   64908 MBONA  =    3438
 NTHETH =    5444 MTHETA =    5055 NPHIH =   11292 MPHIA  =   12239
 NHPARM =       0 NPARM  =       0 NNB   =  114544 NRES   =   21187
 NBONA  =    3438 NTHETA =    5055 NPHIA =   12239 NUMBND =      97
 NUMANG =     220 NPTRA  =     209 NATYP =      43 NPHB   =       1
 IFBOX  =       1 NMXRS  =      34 IFCAP =       0 NEXTRA =       0
 NCOPY  =       0


|     Memory Use     Allocated
|     Real             5679995
|     Hollerith         225753
|     Integer          2712232
|     Max Pairs       39276288
|     nblistReal        818256
|     nblist Int       2705147
|       Total           226234 kbytes

| Note: 1-4 EEL scale factors are being read from the topology file.

| Note: 1-4 VDW scale factors are being read from the topology file.
| Duplicated    0 dihedrals
| Duplicated    0 dihedrals

     BOX TYPE: RECTILINEAR

--------------------------------------------------------------------------------
   2.  CONTROL  DATA  FOR  THE  RUN
--------------------------------------------------------------------------------

default_name                                                                    

General flags:
     imin    =       1, nmropt  =       0

Nature and format of input:
     ntx     =       1, irest   =       0, ntrx    =       1

Nature and format of output:
     ntxo    =       2, ntpr    =     100, ntrx    =       1, ntwr    =       1
     iwrap   =       0, ntwx    =     100, ntwv    =       0, ntwe    =       0
     ioutfm  =       1, ntwprt  =       0, idecomp =       0, rbornstat=      0

Potential function:
     ntf     =       2, ntb     =       1, igb     =       0, nsnb    =      25
     ipol    =       0, gbsa    =       0, iesp    =       0
     dielc   =   1.00000, cut     =  10.00000, intdiel =   1.00000

Frozen or restrained atoms:
     ibelly  =       0, ntr     =       1
     restraint_wt =  10.00000

Energy minimization:
     maxcyc  =    5000, ncyc    =    2000, ntmin   =       1
     dx0     =   0.01000, drms    =   0.00010

SHAKE:
     ntc     =       2, jfastw  =       0
     tol     =   0.00001

Ewald parameters:
     verbose =       0, ew_type =       0, nbflag  =       1, use_pme =       1
     vdwmeth =       1, eedmeth =       1, netfrc  =       0
     Box X =   97.350   Box Y =   83.518   Box Z =  102.030
     Alpha =   90.000   Beta  =   90.000   Gamma =   90.000
     NFFT1 =  100       NFFT2 =   90       NFFT3 =  108
     Cutoff=   10.000   Tol   =0.100E-04
     Ewald Coefficient =  0.27511
     Interpolation order =    4
|  INFO: Old style inpcrd file read


    LOADING THE CONSTRAINED ATOMS AS GROUPS


   5.  REFERENCE ATOM COORDINATES

  defa
     Mask @CA,C,O,N; matches 21582 atoms

--------------------------------------------------------------------------------
   3.  ATOMIC COORDINATES AND VELOCITIES
--------------------------------------------------------------------------------

default_name                                                                    
 begin time read from input coords =     0.000 ps

 Number of triangulated 3-point waters found:    20842

     Sum of charges from parm topology file =  -0.00000011
     Forcing neutrality...

--------------------------------------------------------------------------------
   4.  RESULTS
--------------------------------------------------------------------------------

 ---------------------------------------------------
 APPROXIMATING switch and d/dx switch using CUBIC SPLINE INTERPOLATION
 using   5000.0 points per unit in tabled values
 TESTING RELATIVE ERROR over r ranging from 0.0 to cutoff
| CHECK switch(x): max rel err =   0.2738E-14   at   2.422500
| CHECK d/dx switch(x): max rel err =   0.8314E-11   at   2.736960
 ---------------------------------------------------
| Local SIZE OF NONBOND LIST =   20684492
| TOTAL SIZE OF NONBOND LIST =   20684492


   NSTEP       ENERGY          RMS            GMAX         NAME    NUMBER
      1      -2.1119E+05     1.4456E+01     8.5522E+01     OXT      5582

 BOND    =      161.0692  ANGLE   =     1322.5388  DIHED      =     3742.3634
 VDWAALS =    15061.3216  EEL     =  -230650.2363  HBOND      =        0.0000
 1-4 VDW =     1598.6279  1-4 EEL =    -2428.5605  RESTRAINT  =        0.0000
 EAMBER  =  -211192.8759


   NSTEP       ENERGY          RMS            GMAX         NAME    NUMBER
    100      -2.1327E+05     1.3717E+01     4.5423E+01     O       39263

 BOND    =      148.2217  ANGLE   =     1019.7070  DIHED      =     3736.0027
 VDWAALS =    12606.4079  EEL     =  -231153.0758  HBOND      =        0.0000
 1-4 VDW =     1463.9505  1-4 EEL =    -2624.4987  RESTRAINT  =     1531.0086
 EAMBER  =  -214803.2847


   NSTEP       ENERGY          RMS            GMAX         NAME    NUMBER
    200      -2.1327E+05     1.3717E+01     4.5423E+01     O       39263

 BOND    =      148.2217  ANGLE   =     1019.7054  DIHED      =     3736.0026
 VDWAALS =    12606.3852  EEL     =  -231153.0687  HBOND      =        0.0000
 1-4 VDW =     1463.9496  1-4 EEL =    -2624.5007  RESTRAINT  =     1531.0441
 EAMBER  =  -214803.3047


   NSTEP       ENERGY          RMS            GMAX         NAME    NUMBER
    300      -2.1327E+05     1.3717E+01     4.5423E+01     O       39263

 BOND    =      148.2217  ANGLE   =     1019.7038  DIHED      =     3736.0026
 VDWAALS =    12606.3637  EEL     =  -231153.0649  HBOND      =        0.0000
 1-4 VDW =     1463.9488  1-4 EEL =    -2624.5028  RESTRAINT  =     1531.0793
 EAMBER  =  -214803.3270


   NSTEP       ENERGY          RMS            GMAX         NAME    NUMBER
    400      -2.1327E+05     1.3717E+01     4.5423E+01     O       39263

 BOND    =      148.2217  ANGLE   =     1019.7022  DIHED      =     3736.0025
 VDWAALS =    12606.3423  EEL     =  -231153.0603  HBOND      =        0.0000
 1-4 VDW =     1463.9479  1-4 EEL =    -2624.5046  RESTRAINT  =     1531.1146
 EAMBER  =  -214803.3482


   NSTEP       ENERGY          RMS            GMAX         NAME    NUMBER
    500      -2.1327E+05     1.3717E+01     4.5423E+01     O       39263

 BOND    =      148.2218  ANGLE   =     1019.7006  DIHED      =     3736.0024
 VDWAALS =    12606.3194  EEL     =  -231153.0526  HBOND      =        0.0000
 1-4 VDW =     1463.9471  1-4 EEL =    -2624.5063  RESTRAINT  =     1531.1506
 EAMBER  =  -214803.3677


   NSTEP       ENERGY          RMS            GMAX         NAME    NUMBER
    600      -2.1327E+05     1.3717E+01     4.5423E+01     O       39263

 BOND    =      148.2218  ANGLE   =     1019.6988  DIHED      =     3736.0023
 VDWAALS =    12606.2978  EEL     =  -231153.0480  HBOND      =        0.0000
 1-4 VDW =     1463.9462  1-4 EEL =    -2624.5078  RESTRAINT  =     1531.1875
 EAMBER  =  -214803.3889


   NSTEP       ENERGY          RMS            GMAX         NAME    NUMBER
    700      -2.1327E+05     1.3717E+01     4.5423E+01     O       39263

 BOND    =      148.2217  ANGLE   =     1019.6971  DIHED      =     3736.0022
 VDWAALS =    12606.2764  EEL     =  -231153.0463  HBOND      =        0.0000
 1-4 VDW =     1463.9453  1-4 EEL =    -2624.5099  RESTRAINT  =     1531.2238
 EAMBER  =  -214803.4134


   NSTEP       ENERGY          RMS            GMAX         NAME    NUMBER
    800      -2.1327E+05     1.3717E+01     4.5422E+01     O       39263

 BOND    =      148.2217  ANGLE   =     1019.6955  DIHED      =     3736.0022
 VDWAALS =    12606.2556  EEL     =  -231153.0417  HBOND      =        0.0000
 1-4 VDW =     1463.9444  1-4 EEL =    -2624.5120  RESTRAINT  =     1531.2590
 EAMBER  =  -214803.4343


   NSTEP       ENERGY          RMS            GMAX         NAME    NUMBER
    900      -2.1327E+05     1.3717E+01     4.5422E+01     O       39263

 BOND    =      148.2217  ANGLE   =     1019.6938  DIHED      =     3736.0021
 VDWAALS =    12606.2344  EEL     =  -231153.0372  HBOND      =        0.0000
 1-4 VDW =     1463.9435  1-4 EEL =    -2624.5131  RESTRAINT  =     1531.2950
 EAMBER  =  -214803.4548


   NSTEP       ENERGY          RMS            GMAX         NAME    NUMBER
   1000      -2.1327E+05     1.3717E+01     4.5422E+01     O       39263

 BOND    =      148.2217  ANGLE   =     1019.6921  DIHED      =     3736.0020
 VDWAALS =    12606.2128  EEL     =  -231153.0288  HBOND      =        0.0000
 1-4 VDW =     1463.9426  1-4 EEL =    -2624.5148  RESTRAINT  =     1531.3308
 EAMBER  =  -214803.4723


   NSTEP       ENERGY          RMS            GMAX         NAME    NUMBER
   1100      -2.1327E+05     1.3717E+01     4.5422E+01     O       39263

 BOND    =      148.2217  ANGLE   =     1019.6904  DIHED      =     3736.0019
 VDWAALS =    12606.1922  EEL     =  -231153.0256  HBOND      =        0.0000
 1-4 VDW =     1463.9416  1-4 EEL =    -2624.5165  RESTRAINT  =     1531.3673
 EAMBER  =  -214803.4942


   NSTEP       ENERGY          RMS            GMAX         NAME    NUMBER
   1200      -2.1327E+05     1.3717E+01     4.5422E+01     O       39263

 BOND    =      148.2217  ANGLE   =     1019.6888  DIHED      =     3736.0019
 VDWAALS =    12606.1714  EEL     =  -231153.0210  HBOND      =        0.0000
 1-4 VDW =     1463.9408  1-4 EEL =    -2624.5179  RESTRAINT  =     1531.4025
 EAMBER  =  -214803.5144


   NSTEP       ENERGY          RMS            GMAX         NAME    NUMBER
   1300      -2.1327E+05     1.3717E+01     4.5422E+01     O       39263

 BOND    =      148.2217  ANGLE   =     1019.6871  DIHED      =     3736.0018
 VDWAALS =    12606.1499  EEL     =  -231153.0192  HBOND      =        0.0000
 1-4 VDW =     1463.9399  1-4 EEL =    -2624.5198  RESTRAINT  =     1531.4386
 EAMBER  =  -214803.5385


   NSTEP       ENERGY          RMS            GMAX         NAME    NUMBER
   1400      -2.1327E+05     1.3717E+01     4.5422E+01     O       39263

 BOND    =      148.2217  ANGLE   =     1019.6855  DIHED      =     3736.0017
 VDWAALS =    12606.1291  EEL     =  -231153.0154  HBOND      =        0.0000
 1-4 VDW =     1463.9389  1-4 EEL =    -2624.5215  RESTRAINT  =     1531.4747
 EAMBER  =  -214803.5600


   NSTEP       ENERGY          RMS            GMAX         NAME    NUMBER
   1500      -2.1327E+05     1.3717E+01     4.5422E+01     O       39263

 BOND    =      148.2217  ANGLE   =     1019.6839  DIHED      =     3736.0016
 VDWAALS =    12606.1076  EEL     =  -231153.0102  HBOND      =        0.0000
 1-4 VDW =     1463.9381  1-4 EEL =    -2624.5230  RESTRAINT  =     1531.5099
 EAMBER  =  -214803.5802


   NSTEP       ENERGY          RMS            GMAX         NAME    NUMBER
   1600      -2.1327E+05     1.3717E+01     4.5422E+01     O       39263

 BOND    =      148.2218  ANGLE   =     1019.6823  DIHED      =     3736.0015
 VDWAALS =    12606.0862  EEL     =  -231153.0068  HBOND      =        0.0000
 1-4 VDW =     1463.9372  1-4 EEL =    -2624.5242  RESTRAINT  =     1531.5454
 EAMBER  =  -214803.6020


   NSTEP       ENERGY          RMS            GMAX         NAME    NUMBER
   1700      -2.1327E+05     1.3717E+01     4.5422E+01     O       39263

 BOND    =      148.2217  ANGLE   =     1019.6806  DIHED      =     3736.0015
 VDWAALS =    12606.0653  EEL     =  -231153.0035  HBOND      =        0.0000
 1-4 VDW =     1463.9363  1-4 EEL =    -2624.5260  RESTRAINT  =     1531.5816
 EAMBER  =  -214803.6241


   NSTEP       ENERGY          RMS            GMAX         NAME    NUMBER
   1800      -2.1327E+05     1.3717E+01     4.5422E+01     O       39263

 BOND    =      148.2217  ANGLE   =     1019.6788  DIHED      =     3736.0014
 VDWAALS =    12606.0433  EEL     =  -231152.9990  HBOND      =        0.0000
 1-4 VDW =     1463.9354  1-4 EEL =    -2624.5274  RESTRAINT  =     1531.6185
 EAMBER  =  -214803.6459


   NSTEP       ENERGY          RMS            GMAX         NAME    NUMBER
   1900      -2.1327E+05     1.3717E+01     4.5422E+01     O       39263

 BOND    =      148.2218  ANGLE   =     1019.6772  DIHED      =     3736.0013
 VDWAALS =    12606.0220  EEL     =  -231152.9943  HBOND      =        0.0000
 1-4 VDW =     1463.9345  1-4 EEL =    -2624.5291  RESTRAINT  =     1531.6542
 EAMBER  =  -214803.6666


   NSTEP       ENERGY          RMS            GMAX         NAME    NUMBER
   2000      -2.1327E+05     1.3717E+01     4.5421E+01     O       39263

 BOND    =      148.2217  ANGLE   =     1019.6756  DIHED      =     3736.0012
 VDWAALS =    12606.0011  EEL     =  -231152.9897  HBOND      =        0.0000
 1-4 VDW =     1463.9336  1-4 EEL =    -2624.5307  RESTRAINT  =     1531.6896
 EAMBER  =  -214803.6871

     ... RESTARTED DUE TO LINMIN FAILURE ...

     ... RESTARTED DUE TO LINMIN FAILURE ...

     ... RESTARTED DUE TO LINMIN FAILURE ...

     ... RESTARTED DUE TO LINMIN FAILURE ...


   NSTEP       ENERGY          RMS            GMAX         NAME    NUMBER
   2100      -2.1327E+05     1.3717E+01     4.5421E+01     O       39263

 BOND    =      148.2217  ANGLE   =     1019.6748  DIHED      =     3736.0012
 VDWAALS =    12605.9919  EEL     =  -231152.9885  HBOND      =        0.0000
 1-4 VDW =     1463.9332  1-4 EEL =    -2624.5314  RESTRAINT  =     1531.7054
 EAMBER  =  -214803.6971

     ... RESTARTED DUE TO LINMIN FAILURE ...

     ***** REPEATED LINMIN FAILURE *****

     ***** SEE http://ambermd.org/Questions/linmin.html FOR MORE INFO *****


                    FINAL RESULTS



   NSTEP       ENERGY          RMS            GMAX         NAME    NUMBER
   2114      -2.1327E+05     1.3717E+01     4.5421E+01     O       39263

 BOND    =      148.2217  ANGLE   =     1019.6748  DIHED      =     3736.0012
 VDWAALS =    12605.9911  EEL     =  -231152.9884  HBOND      =        0.0000
 1-4 VDW =     1463.9331  1-4 EEL =    -2624.5314  RESTRAINT  =     1531.7068
 EAMBER  =  -214803.6978

--------------------------------------------------------------------------------
   5.  TIMINGS
--------------------------------------------------------------------------------

|                Build the list             1.21 (55.99% of List )
|                Other                      0.95 (44.01% of List )
|             List time                  2.17 ( 0.08% of Nonbo)
|                   Short_ene time          2477.00 (99.52% of Direc)
|                   Other                     12.05 ( 0.48% of Direc)
|                Direct Ewald time       2489.06 (86.60% of Ewald)
|                Adjust Ewald time         13.26 ( 0.46% of Ewald)
|                   Fill Bspline coeffs       12.69 ( 3.44% of Recip)
|                   Fill charge grid          38.36 (10.40% of Recip)
|                   Scalar sum                87.76 (23.78% of Recip)
|                   Grad sum                  84.40 (22.87% of Recip)
|                   FFT time                 145.76 (39.50% of Recip)
|                Recip Ewald time         368.98 (12.84% of Ewald)
|                Virial junk                0.77 ( 0.03% of Ewald)
|                Other                      2.26 ( 0.08% of Ewald)
|             Ewald time              2874.34 (100.0% of Nonbo)
|          Nonbond force           2876.51 (99.12% of Force)
|          Bond/Angle/Dihedral       24.26 ( 0.84% of Force)
|          Other                      1.19 ( 0.04% of Force)
|       Force time              2901.96 (100.0% of Runmd)
|    Runmd Time              2901.96 (99.05% of Total)
|    Other                     27.77 ( 0.95% of Total)
| Total time              2929.73 (100.0% of ALL  )

| Number of list builds   :          1

| Highest rstack allocated:    3895262
| Highest istack allocated:      68188
|           Job began  at 13:36:43.326  on 03/30/2021
|           Setup done at 13:36:44.103  on 03/30/2021
|           Run   done at 14:25:33.061  on 03/30/2021
|     wallclock() was called   80382 times

|3D-RISM memory allocation summary
|Type          Maximum        Current   
|Integer       0.00000 GB     0.00000 GB
|Real          0.00000 GB     0.00000 GB
|Logical       0.00000 GB     0.00000 GB
|Character     0.00000 GB     0.00000 GB
|---------------------------------------
|Total         0.00000 GB     0.00000 GB
