
          -------------------------------------------------------
          Amber 18 SANDER                              2018
          -------------------------------------------------------

| Run on 06/03/2021 at 23:04:46

|   Executable path: /home/yaojiang/amber18/bin/sander
| Working directory: /home/yaojiang/protein-RNA/output/energy_feature/GB2/mt
|          Hostname: localhost.localdomain

  [-O]verwriting output

File Assignments:
|  MDIN: min3.in                                                               
| MDOUT: min3.out                                                              
|INPCRD: min2.rst                                                              
|  PARM: com_solvated.prmtop                                                   
|RESTRT: min3.rst                                                              
|  REFC: min2.rst                                                              
| MDVEL: mdvel                                                                 
| MDFRC: mdfrc                                                                 
|  MDEN: mden                                                                  
| MDCRD: mdcrd                                                                 
|MDINFO: mdinfo                                                                
|  MTMD: mtmd                                                                  
|INPDIP: inpdip                                                                
|RSTDIP: rstdip                                                                
|INPTRA: inptraj                                                               


 Here is the input file:

minimise                                                                       
&cntrl                                                                         
  imin = 1, maxcyc = 5000, ncyc = 2000,                                        
  cut = 10.0, ntb = 1,                                                         
  ntc = 2, ntf = 2,                                                            
  ntpr = 100, ntwx = 100,                                                      
/                                                                              

--------------------------------------------------------------------------------
   1.  RESOURCE   USE: 
--------------------------------------------------------------------------------

| Flags:                                                                        
 getting box info from netcdf restart file
| NetCDF restart box info found
|Largest sphere to fit in unit cell has radius =    41.759
| New format PARM file being parsed.
| Version =    1.000 Date = 06/03/21 Time = 22:15:33
 NATOM  =   68188 NTYPES =      20 NBONH =   64908 MBONA  =    3438
 NTHETH =    5444 MTHETA =    5055 NPHIH =   11292 MPHIA  =   12239
 NHPARM =       0 NPARM  =       0 NNB   =  114544 NRES   =   21187
 NBONA  =    3438 NTHETA =    5055 NPHIA =   12239 NUMBND =      97
 NUMANG =     220 NPTRA  =     209 NATYP =      43 NPHB   =       1
 IFBOX  =       1 NMXRS  =      34 IFCAP =       0 NEXTRA =       0
 NCOPY  =       0


|     Memory Use     Allocated
|     Real             5407193
|     Hollerith         225753
|     Integer          2712232
|     Max Pairs       39276288
|     nblistReal        818256
|     nblist Int       2705147
|       Total           224102 kbytes

| Note: 1-4 EEL scale factors are being read from the topology file.

| Note: 1-4 VDW scale factors are being read from the topology file.
| Duplicated    0 dihedrals
| Duplicated    0 dihedrals

     BOX TYPE: RECTILINEAR

--------------------------------------------------------------------------------
   2.  CONTROL  DATA  FOR  THE  RUN
--------------------------------------------------------------------------------

default_name                                                                    

General flags:
     imin    =       1, nmropt  =       0

Nature and format of input:
     ntx     =       1, irest   =       0, ntrx    =       1

Nature and format of output:
     ntxo    =       2, ntpr    =     100, ntrx    =       1, ntwr    =       1
     iwrap   =       0, ntwx    =     100, ntwv    =       0, ntwe    =       0
     ioutfm  =       1, ntwprt  =       0, idecomp =       0, rbornstat=      0

Potential function:
     ntf     =       2, ntb     =       1, igb     =       0, nsnb    =      25
     ipol    =       0, gbsa    =       0, iesp    =       0
     dielc   =   1.00000, cut     =  10.00000, intdiel =   1.00000

Frozen or restrained atoms:
     ibelly  =       0, ntr     =       0

Energy minimization:
     maxcyc  =    5000, ncyc    =    2000, ntmin   =       1
     dx0     =   0.01000, drms    =   0.00010

SHAKE:
     ntc     =       2, jfastw  =       0
     tol     =   0.00001

Ewald parameters:
     verbose =       0, ew_type =       0, nbflag  =       1, use_pme =       1
     vdwmeth =       1, eedmeth =       1, netfrc  =       0
     Box X =   97.350   Box Y =   83.518   Box Z =  102.030
     Alpha =   90.000   Beta  =   90.000   Gamma =   90.000
     NFFT1 =  100       NFFT2 =   90       NFFT3 =  108
     Cutoff=   10.000   Tol   =0.100E-04
     Ewald Coefficient =  0.27511
     Interpolation order =    4
|  INFO: Old style inpcrd file read


--------------------------------------------------------------------------------
   3.  ATOMIC COORDINATES AND VELOCITIES
--------------------------------------------------------------------------------

default_name                                                                    
 begin time read from input coords =     0.000 ps

 Number of triangulated 3-point waters found:    20842

     Sum of charges from parm topology file =  -0.00000011
     Forcing neutrality...

--------------------------------------------------------------------------------
   4.  RESULTS
--------------------------------------------------------------------------------

 ---------------------------------------------------
 APPROXIMATING switch and d/dx switch using CUBIC SPLINE INTERPOLATION
 using   5000.0 points per unit in tabled values
 TESTING RELATIVE ERROR over r ranging from 0.0 to cutoff
| CHECK switch(x): max rel err =   0.2738E-14   at   2.422500
| CHECK d/dx switch(x): max rel err =   0.8314E-11   at   2.736960
 ---------------------------------------------------
| Local SIZE OF NONBOND LIST =   20678521
| TOTAL SIZE OF NONBOND LIST =   20678521


   NSTEP       ENERGY          RMS            GMAX         NAME    NUMBER
      1      -2.1480E+05     1.4206E+01     4.8637E+01     O       39263

 BOND    =      148.2217  ANGLE   =     1019.6748  DIHED      =     3736.0012
 VDWAALS =    12605.9911  EEL     =  -231152.9884  HBOND      =        0.0000
 1-4 VDW =     1463.9331  1-4 EEL =    -2624.5314  RESTRAINT  =        0.0000


   NSTEP       ENERGY          RMS            GMAX         NAME    NUMBER
    100      -2.1526E+05     1.4067E+01     4.5482E+01     O       39263

 BOND    =      152.0663  ANGLE   =      949.9629  DIHED      =     3733.1054
 VDWAALS =    11313.8691  EEL     =  -230110.1300  HBOND      =        0.0000
 1-4 VDW =     1416.5265  1-4 EEL =    -2712.4769  RESTRAINT  =        0.0000


   NSTEP       ENERGY          RMS            GMAX         NAME    NUMBER
    200      -2.1526E+05     1.4067E+01     4.5482E+01     O       39263

 BOND    =      152.0663  ANGLE   =      949.9624  DIHED      =     3733.1053
 VDWAALS =    11313.8522  EEL     =  -230110.1091  HBOND      =        0.0000
 1-4 VDW =     1416.5261  1-4 EEL =    -2712.4783  RESTRAINT  =        0.0000


   NSTEP       ENERGY          RMS            GMAX         NAME    NUMBER
    300      -2.1526E+05     1.4067E+01     4.5482E+01     O       39263

 BOND    =      152.0664  ANGLE   =      949.9619  DIHED      =     3733.1053
 VDWAALS =    11313.8353  EEL     =  -230110.0871  HBOND      =        0.0000
 1-4 VDW =     1416.5256  1-4 EEL =    -2712.4798  RESTRAINT  =        0.0000


   NSTEP       ENERGY          RMS            GMAX         NAME    NUMBER
    400      -2.1526E+05     1.4067E+01     4.5482E+01     O       39263

 BOND    =      152.0665  ANGLE   =      949.9614  DIHED      =     3733.1053
 VDWAALS =    11313.8189  EEL     =  -230110.0668  HBOND      =        0.0000
 1-4 VDW =     1416.5251  1-4 EEL =    -2712.4811  RESTRAINT  =        0.0000


   NSTEP       ENERGY          RMS            GMAX         NAME    NUMBER
    500      -2.1526E+05     1.4067E+01     4.5482E+01     O       39263

 BOND    =      152.0666  ANGLE   =      949.9607  DIHED      =     3733.1053
 VDWAALS =    11313.8029  EEL     =  -230110.0459  HBOND      =        0.0000
 1-4 VDW =     1416.5247  1-4 EEL =    -2712.4819  RESTRAINT  =        0.0000


   NSTEP       ENERGY          RMS            GMAX         NAME    NUMBER
    600      -2.1526E+05     1.4067E+01     4.5482E+01     O       39263

 BOND    =      152.0667  ANGLE   =      949.9601  DIHED      =     3733.1053
 VDWAALS =    11313.7870  EEL     =  -230110.0219  HBOND      =        0.0000
 1-4 VDW =     1416.5241  1-4 EEL =    -2712.4833  RESTRAINT  =        0.0000


   NSTEP       ENERGY          RMS            GMAX         NAME    NUMBER
    700      -2.1526E+05     1.4067E+01     4.5482E+01     O       39263

 BOND    =      152.0668  ANGLE   =      949.9596  DIHED      =     3733.1052
 VDWAALS =    11313.7705  EEL     =  -230109.9971  HBOND      =        0.0000
 1-4 VDW =     1416.5237  1-4 EEL =    -2712.4841  RESTRAINT  =        0.0000


   NSTEP       ENERGY          RMS            GMAX         NAME    NUMBER
    800      -2.1526E+05     1.4067E+01     4.5482E+01     O       39263

 BOND    =      152.0669  ANGLE   =      949.9590  DIHED      =     3733.1052
 VDWAALS =    11313.7548  EEL     =  -230109.9737  HBOND      =        0.0000
 1-4 VDW =     1416.5232  1-4 EEL =    -2712.4853  RESTRAINT  =        0.0000


   NSTEP       ENERGY          RMS            GMAX         NAME    NUMBER
    900      -2.1526E+05     1.4067E+01     4.5482E+01     O       39263

 BOND    =      152.0670  ANGLE   =      949.9584  DIHED      =     3733.1052
 VDWAALS =    11313.7403  EEL     =  -230109.9513  HBOND      =        0.0000
 1-4 VDW =     1416.5226  1-4 EEL =    -2712.4863  RESTRAINT  =        0.0000


   NSTEP       ENERGY          RMS            GMAX         NAME    NUMBER
   1000      -2.1526E+05     1.4067E+01     4.5482E+01     O       39263

 BOND    =      152.0670  ANGLE   =      949.9578  DIHED      =     3733.1052
 VDWAALS =    11313.7249  EEL     =  -230109.9294  HBOND      =        0.0000
 1-4 VDW =     1416.5222  1-4 EEL =    -2712.4875  RESTRAINT  =        0.0000


   NSTEP       ENERGY          RMS            GMAX         NAME    NUMBER
   1100      -2.1526E+05     1.4067E+01     4.5482E+01     O       39263

 BOND    =      152.0671  ANGLE   =      949.9573  DIHED      =     3733.1052
 VDWAALS =    11313.7088  EEL     =  -230109.9067  HBOND      =        0.0000
 1-4 VDW =     1416.5217  1-4 EEL =    -2712.4883  RESTRAINT  =        0.0000


   NSTEP       ENERGY          RMS            GMAX         NAME    NUMBER
   1200      -2.1526E+05     1.4067E+01     4.5482E+01     O       39263

 BOND    =      152.0672  ANGLE   =      949.9567  DIHED      =     3733.1051
 VDWAALS =    11313.6930  EEL     =  -230109.8851  HBOND      =        0.0000
 1-4 VDW =     1416.5212  1-4 EEL =    -2712.4891  RESTRAINT  =        0.0000


   NSTEP       ENERGY          RMS            GMAX         NAME    NUMBER
   1300      -2.1526E+05     1.4067E+01     4.5482E+01     O       39263

 BOND    =      152.0673  ANGLE   =      949.9561  DIHED      =     3733.1051
 VDWAALS =    11313.6771  EEL     =  -230109.8610  HBOND      =        0.0000
 1-4 VDW =     1416.5207  1-4 EEL =    -2712.4902  RESTRAINT  =        0.0000


   NSTEP       ENERGY          RMS            GMAX         NAME    NUMBER
   1400      -2.1526E+05     1.4067E+01     4.5482E+01     O       39263

 BOND    =      152.0674  ANGLE   =      949.9556  DIHED      =     3733.1051
 VDWAALS =    11313.6616  EEL     =  -230109.8389  HBOND      =        0.0000
 1-4 VDW =     1416.5202  1-4 EEL =    -2712.4912  RESTRAINT  =        0.0000


   NSTEP       ENERGY          RMS            GMAX         NAME    NUMBER
   1500      -2.1526E+05     1.4067E+01     4.5482E+01     O       39263

 BOND    =      152.0675  ANGLE   =      949.9550  DIHED      =     3733.1051
 VDWAALS =    11313.6464  EEL     =  -230109.8170  HBOND      =        0.0000
 1-4 VDW =     1416.5197  1-4 EEL =    -2712.4922  RESTRAINT  =        0.0000


   NSTEP       ENERGY          RMS            GMAX         NAME    NUMBER
   1600      -2.1526E+05     1.4067E+01     4.5482E+01     O       39263

 BOND    =      152.0676  ANGLE   =      949.9544  DIHED      =     3733.1051
 VDWAALS =    11313.6306  EEL     =  -230109.7905  HBOND      =        0.0000
 1-4 VDW =     1416.5192  1-4 EEL =    -2712.4934  RESTRAINT  =        0.0000


   NSTEP       ENERGY          RMS            GMAX         NAME    NUMBER
   1700      -2.1526E+05     1.4067E+01     4.5482E+01     O       39263

 BOND    =      152.0677  ANGLE   =      949.9539  DIHED      =     3733.1050
 VDWAALS =    11313.6154  EEL     =  -230109.7689  HBOND      =        0.0000
 1-4 VDW =     1416.5186  1-4 EEL =    -2712.4940  RESTRAINT  =        0.0000


   NSTEP       ENERGY          RMS            GMAX         NAME    NUMBER
   1800      -2.1526E+05     1.4067E+01     4.5482E+01     O       39263

 BOND    =      152.0678  ANGLE   =      949.9533  DIHED      =     3733.1050
 VDWAALS =    11313.6004  EEL     =  -230109.7479  HBOND      =        0.0000
 1-4 VDW =     1416.5181  1-4 EEL =    -2712.4948  RESTRAINT  =        0.0000


   NSTEP       ENERGY          RMS            GMAX         NAME    NUMBER
   1900      -2.1526E+05     1.4067E+01     4.5482E+01     O       39263

 BOND    =      152.0679  ANGLE   =      949.9527  DIHED      =     3733.1050
 VDWAALS =    11313.5854  EEL     =  -230109.7258  HBOND      =        0.0000
 1-4 VDW =     1416.5176  1-4 EEL =    -2712.4950  RESTRAINT  =        0.0000


   NSTEP       ENERGY          RMS            GMAX         NAME    NUMBER
   2000      -2.1526E+05     1.4067E+01     4.5482E+01     O       39263

 BOND    =      152.0680  ANGLE   =      949.9521  DIHED      =     3733.1050
 VDWAALS =    11313.5698  EEL     =  -230109.7034  HBOND      =        0.0000
 1-4 VDW =     1416.5170  1-4 EEL =    -2712.4960  RESTRAINT  =        0.0000

     ... RESTARTED DUE TO LINMIN FAILURE ...

     ... RESTARTED DUE TO LINMIN FAILURE ...

     ... RESTARTED DUE TO LINMIN FAILURE ...


   NSTEP       ENERGY          RMS            GMAX         NAME    NUMBER
   2100      -2.1526E+05     1.4067E+01     4.5482E+01     O       39263

 BOND    =      152.0680  ANGLE   =      949.9520  DIHED      =     3733.1050
 VDWAALS =    11313.5660  EEL     =  -230109.6982  HBOND      =        0.0000
 1-4 VDW =     1416.5169  1-4 EEL =    -2712.4963  RESTRAINT  =        0.0000

     ... RESTARTED DUE TO LINMIN FAILURE ...

     ... RESTARTED DUE TO LINMIN FAILURE ...

     ***** REPEATED LINMIN FAILURE *****

     ***** SEE http://ambermd.org/Questions/linmin.html FOR MORE INFO *****


                    FINAL RESULTS



   NSTEP       ENERGY          RMS            GMAX         NAME    NUMBER
   2139      -2.1526E+05     1.4067E+01     4.5482E+01     O       39263

 BOND    =      152.0680  ANGLE   =      949.9519  DIHED      =     3733.1050
 VDWAALS =    11313.5640  EEL     =  -230109.6957  HBOND      =        0.0000
 1-4 VDW =     1416.5168  1-4 EEL =    -2712.4964  RESTRAINT  =        0.0000

--------------------------------------------------------------------------------
   5.  TIMINGS
--------------------------------------------------------------------------------

|                Build the list             0.85 (63.85% of List )
|                Other                      0.48 (36.15% of List )
|             List time                  1.33 ( 0.09% of Nonbo)
|                   Short_ene time          1244.69 (99.31% of Direc)
|                   Other                      8.67 ( 0.69% of Direc)
|                Direct Ewald time       1253.36 (85.77% of Ewald)
|                Adjust Ewald time          6.53 ( 0.45% of Ewald)
|                   Fill Bspline coeffs        7.23 ( 3.62% of Recip)
|                   Fill charge grid          23.82 (11.92% of Recip)
|                   Scalar sum                46.97 (23.51% of Recip)
|                   Grad sum                  41.75 (20.89% of Recip)
|                   FFT time                  80.03 (40.05% of Recip)
|                Recip Ewald time         199.80 (13.67% of Ewald)
|                Virial junk                0.48 ( 0.03% of Ewald)
|                Other                      1.07 ( 0.07% of Ewald)
|             Ewald time              1461.24 (100.0% of Nonbo)
|          Nonbond force           1462.57 (99.09% of Force)
|          Bond/Angle/Dihedral       13.19 ( 0.89% of Force)
|          Other                      0.22 ( 0.01% of Force)
|       Force time              1475.98 (100.0% of Runmd)
|    Runmd Time              1475.98 (98.95% of Total)
|    Other                     15.64 ( 1.05% of Total)
| Total time              1491.65 (100.0% of ALL  )

| Number of list builds   :          1

| Highest rstack allocated:    3895262
| Highest istack allocated:      68188
|           Job began  at 23:04:46.652  on 06/03/2021
|           Setup done at 23:04:47.248  on 06/03/2021
|           Run   done at 23:29:38.298  on 06/03/2021
|     wallclock() was called   81332 times

|3D-RISM memory allocation summary
|Type          Maximum        Current   
|Integer       0.00000 GB     0.00000 GB
|Real          0.00000 GB     0.00000 GB
|Logical       0.00000 GB     0.00000 GB
|Character     0.00000 GB     0.00000 GB
|---------------------------------------
|Total         0.00000 GB     0.00000 GB
