
          -------------------------------------------------------
          Amber 18 SANDER                              2018
          -------------------------------------------------------

| Run on 03/06/2021 at 21:34:20

|   Executable path: /home/jiangyao/amber18/bin/sander
| Working directory: /home/jiangyao/NETWORK/202103067289-wt
|          Hostname: localhost.localdomain

  [-O]verwriting output

File Assignments:
|  MDIN: min1.in                                                               
| MDOUT: min1.out                                                              
|INPCRD: com_solvated.inpcrd                                                   
|  PARM: com_solvated.prmtop                                                   
|RESTRT: min1.rst                                                              
|  REFC: com_solvated.inpcrd                                                   
| MDVEL: mdvel                                                                 
| MDFRC: mdfrc                                                                 
|  MDEN: mden                                                                  
| MDCRD: min1.mdcrd                                                            
|MDINFO: mdinfo                                                                
|  MTMD: mtmd                                                                  
|INPDIP: inpdip                                                                
|RSTDIP: rstdip                                                                
|INPTRA: inptraj                                                               


 Here is the input file:

minimise                                                                       
&cntrl                                                                         
  imin=1,maxcyc=5000,ncyc=2000,                                                
  cut=10.0,ntb=1,                                                              
  ntc=2,ntf=2,                                                                 
  ntpr=100, ntwx = 100,                                                        
  ntr = 1, restraint_wt = 50, restraintmask = '@CA,C,O,N'                      
/                                                                              

--------------------------------------------------------------------------------
   1.  RESOURCE   USE: 
--------------------------------------------------------------------------------

| Flags:                                                                        
 getting new box info from bottom of inpcrd
|  INFO: Old style inpcrd file read

| peek_ewald_inpcrd: Box info found
|Largest sphere to fit in unit cell has radius =    32.441
| New format PARM file being parsed.
| Version =    1.000 Date = 03/06/21 Time = 21:34:19
 NATOM  =   27844 NTYPES =      20 NBONH =   26677 MBONA  =    1227
 NTHETH =    2183 MTHETA =    1739 NPHIH =    4516 MPHIA  =    4424
 NHPARM =       0 NPARM  =       0 NNB   =   45950 NRES   =    8689
 NBONA  =    1227 NTHETA =    1739 NPHIA =    4424 NUMBND =     102
 NUMANG =     232 NPTRA  =     227 NATYP =      46 NPHB   =       1
 IFBOX  =       1 NMXRS  =      33 IFCAP =       0 NEXTRA =       0
 NCOPY  =       0


|     Memory Use     Allocated
|     Real             2370814
|     Hollerith          92223
|     Integer          1085827
|     Max Pairs       16038144
|     nblistReal        334128
|     nblist Int       1128368
|       Total            92790 kbytes

| Note: 1-4 EEL scale factors are being read from the topology file.

| Note: 1-4 VDW scale factors are being read from the topology file.
| Duplicated    0 dihedrals
| Duplicated    0 dihedrals

     BOX TYPE: RECTILINEAR

--------------------------------------------------------------------------------
   2.  CONTROL  DATA  FOR  THE  RUN
--------------------------------------------------------------------------------

default_name                                                                    

General flags:
     imin    =       1, nmropt  =       0

Nature and format of input:
     ntx     =       1, irest   =       0, ntrx    =       1

Nature and format of output:
     ntxo    =       2, ntpr    =     100, ntrx    =       1, ntwr    =       1
     iwrap   =       0, ntwx    =     100, ntwv    =       0, ntwe    =       0
     ioutfm  =       1, ntwprt  =       0, idecomp =       0, rbornstat=      0

Potential function:
     ntf     =       2, ntb     =       1, igb     =       0, nsnb    =      25
     ipol    =       0, gbsa    =       0, iesp    =       0
     dielc   =   1.00000, cut     =  10.00000, intdiel =   1.00000

Frozen or restrained atoms:
     ibelly  =       0, ntr     =       1
     restraint_wt =  50.00000

Energy minimization:
     maxcyc  =    5000, ncyc    =    2000, ntmin   =       1
     dx0     =   0.01000, drms    =   0.00010

SHAKE:
     ntc     =       2, jfastw  =       0
     tol     =   0.00001

Ewald parameters:
     verbose =       0, ew_type =       0, nbflag  =       1, use_pme =       1
     vdwmeth =       1, eedmeth =       1, netfrc  =       0
     Box X =   64.881   Box Y =   72.245   Box Z =   75.000
     Alpha =   90.000   Beta  =   90.000   Gamma =   90.000
     NFFT1 =   64       NFFT2 =   72       NFFT3 =   75
     Cutoff=   10.000   Tol   =0.100E-04
     Ewald Coefficient =  0.27511
     Interpolation order =    4

    LOADING THE CONSTRAINED ATOMS AS GROUPS


   5.  REFERENCE ATOM COORDINATES

  defa
     Mask @CA,C,O,N; matches  8913 atoms

--------------------------------------------------------------------------------
   3.  ATOMIC COORDINATES AND VELOCITIES
--------------------------------------------------------------------------------

default_name                                                                    
 begin time read from input coords =     0.000 ps

 Number of triangulated 3-point waters found:     8573

     Sum of charges from parm topology file =   0.00000010
     Forcing neutrality...

--------------------------------------------------------------------------------
   4.  RESULTS
--------------------------------------------------------------------------------

 ---------------------------------------------------
 APPROXIMATING switch and d/dx switch using CUBIC SPLINE INTERPOLATION
 using   5000.0 points per unit in tabled values
 TESTING RELATIVE ERROR over r ranging from 0.0 to cutoff
| CHECK switch(x): max rel err =   0.2738E-14   at   2.422500
| CHECK d/dx switch(x): max rel err =   0.8314E-11   at   2.736960
 ---------------------------------------------------
| Local SIZE OF NONBOND LIST =    8138563
| TOTAL SIZE OF NONBOND LIST =    8138563


   NSTEP       ENERGY          RMS            GMAX         NAME    NUMBER
      1      -8.0301E+04     1.4997E+01     9.0701E+01     HB3       976

 BOND    =       61.4670  ANGLE   =      799.5770  DIHED      =     1444.4722
 VDWAALS =     7737.8466  EEL     =   -89046.7462  HBOND      =        0.0000
 1-4 VDW =      595.2571  1-4 EEL =    -1892.7114  RESTRAINT  =        0.0002
 EAMBER  =   -80300.8378


   NSTEP       ENERGY          RMS            GMAX         NAME    NUMBER
    100      -8.1438E+04     1.2558E+01     3.6187E+01     O       18014

 BOND    =       56.1387  ANGLE   =      445.5505  DIHED      =     1453.2655
 VDWAALS =     6346.4933  EEL     =   -89962.5242  HBOND      =        0.0000
 1-4 VDW =      551.6899  1-4 EEL =    -2004.4071  RESTRAINT  =     1675.9271
 EAMBER  =   -83113.7934


   NSTEP       ENERGY          RMS            GMAX         NAME    NUMBER
    200      -8.1438E+04     1.2558E+01     3.6186E+01     O       18014

 BOND    =       56.1387  ANGLE   =      445.5481  DIHED      =     1453.2657
 VDWAALS =     6346.4709  EEL     =   -89962.5420  HBOND      =        0.0000
 1-4 VDW =      551.6893  1-4 EEL =    -2004.4090  RESTRAINT  =     1676.0030
 EAMBER  =   -83113.8383


   NSTEP       ENERGY          RMS            GMAX         NAME    NUMBER
    300      -8.1438E+04     1.2558E+01     3.6186E+01     O       18014

 BOND    =       56.1388  ANGLE   =      445.5457  DIHED      =     1453.2658
 VDWAALS =     6346.4484  EEL     =   -89962.5590  HBOND      =        0.0000
 1-4 VDW =      551.6886  1-4 EEL =    -2004.4105  RESTRAINT  =     1676.0795
 EAMBER  =   -83113.8822


   NSTEP       ENERGY          RMS            GMAX         NAME    NUMBER
    400      -8.1438E+04     1.2558E+01     3.6186E+01     O       18014

 BOND    =       56.1389  ANGLE   =      445.5433  DIHED      =     1453.2660
 VDWAALS =     6346.4263  EEL     =   -89962.5754  HBOND      =        0.0000
 1-4 VDW =      551.6881  1-4 EEL =    -2004.4123  RESTRAINT  =     1676.1546
 EAMBER  =   -83113.9250


   NSTEP       ENERGY          RMS            GMAX         NAME    NUMBER
    500      -8.1438E+04     1.2558E+01     3.6185E+01     O       18014

 BOND    =       56.1390  ANGLE   =      445.5409  DIHED      =     1453.2661
 VDWAALS =     6346.4041  EEL     =   -89962.5936  HBOND      =        0.0000
 1-4 VDW =      551.6875  1-4 EEL =    -2004.4139  RESTRAINT  =     1676.2307
 EAMBER  =   -83113.9698


   NSTEP       ENERGY          RMS            GMAX         NAME    NUMBER
    600      -8.1438E+04     1.2558E+01     3.6185E+01     O       18014

 BOND    =       56.1391  ANGLE   =      445.5385  DIHED      =     1453.2663
 VDWAALS =     6346.3811  EEL     =   -89962.6133  HBOND      =        0.0000
 1-4 VDW =      551.6869  1-4 EEL =    -2004.4153  RESTRAINT  =     1676.3091
 EAMBER  =   -83114.0168


   NSTEP       ENERGY          RMS            GMAX         NAME    NUMBER
    700      -8.1438E+04     1.2558E+01     3.6185E+01     O       18014

 BOND    =       56.1391  ANGLE   =      445.5360  DIHED      =     1453.2664
 VDWAALS =     6346.3588  EEL     =   -89962.6291  HBOND      =        0.0000
 1-4 VDW =      551.6864  1-4 EEL =    -2004.4172  RESTRAINT  =     1676.3842
 EAMBER  =   -83114.0595


   NSTEP       ENERGY          RMS            GMAX         NAME    NUMBER
    800      -8.1438E+04     1.2558E+01     3.6184E+01     O       18014

 BOND    =       56.1392  ANGLE   =      445.5336  DIHED      =     1453.2666
 VDWAALS =     6346.3360  EEL     =   -89962.6469  HBOND      =        0.0000
 1-4 VDW =      551.6858  1-4 EEL =    -2004.4189  RESTRAINT  =     1676.4602
 EAMBER  =   -83114.1045


   NSTEP       ENERGY          RMS            GMAX         NAME    NUMBER
    900      -8.1438E+04     1.2557E+01     3.6184E+01     O       18014

 BOND    =       56.1393  ANGLE   =      445.5312  DIHED      =     1453.2667
 VDWAALS =     6346.3144  EEL     =   -89962.6630  HBOND      =        0.0000
 1-4 VDW =      551.6852  1-4 EEL =    -2004.4203  RESTRAINT  =     1676.5354
 EAMBER  =   -83114.1465


   NSTEP       ENERGY          RMS            GMAX         NAME    NUMBER
   1000      -8.1438E+04     1.2557E+01     3.6184E+01     O       18014

 BOND    =       56.1394  ANGLE   =      445.5289  DIHED      =     1453.2669
 VDWAALS =     6346.2925  EEL     =   -89962.6794  HBOND      =        0.0000
 1-4 VDW =      551.6846  1-4 EEL =    -2004.4218  RESTRAINT  =     1676.6105
 EAMBER  =   -83114.1890


   NSTEP       ENERGY          RMS            GMAX         NAME    NUMBER
   1100      -8.1438E+04     1.2557E+01     3.6183E+01     O       18014

 BOND    =       56.1395  ANGLE   =      445.5265  DIHED      =     1453.2670
 VDWAALS =     6346.2705  EEL     =   -89962.6959  HBOND      =        0.0000
 1-4 VDW =      551.6841  1-4 EEL =    -2004.4228  RESTRAINT  =     1676.6857
 EAMBER  =   -83114.2311


   NSTEP       ENERGY          RMS            GMAX         NAME    NUMBER
   1200      -8.1438E+04     1.2557E+01     3.6183E+01     O       18014

 BOND    =       56.1396  ANGLE   =      445.5241  DIHED      =     1453.2672
 VDWAALS =     6346.2486  EEL     =   -89962.7124  HBOND      =        0.0000
 1-4 VDW =      551.6835  1-4 EEL =    -2004.4243  RESTRAINT  =     1676.7608
 EAMBER  =   -83114.2736


   NSTEP       ENERGY          RMS            GMAX         NAME    NUMBER
   1300      -8.1437E+04     1.2557E+01     3.6183E+01     O       18014

 BOND    =       56.1396  ANGLE   =      445.5217  DIHED      =     1453.2673
 VDWAALS =     6346.2263  EEL     =   -89962.7276  HBOND      =        0.0000
 1-4 VDW =      551.6829  1-4 EEL =    -2004.4260  RESTRAINT  =     1676.8360
 EAMBER  =   -83114.3156


   NSTEP       ENERGY          RMS            GMAX         NAME    NUMBER
   1400      -8.1437E+04     1.2557E+01     3.6182E+01     O       18014

 BOND    =       56.1397  ANGLE   =      445.5193  DIHED      =     1453.2675
 VDWAALS =     6346.2038  EEL     =   -89962.7455  HBOND      =        0.0000
 1-4 VDW =      551.6823  1-4 EEL =    -2004.4278  RESTRAINT  =     1676.9129
 EAMBER  =   -83114.3607


   NSTEP       ENERGY          RMS            GMAX         NAME    NUMBER
   1500      -8.1437E+04     1.2557E+01     3.6182E+01     O       18014

 BOND    =       56.1398  ANGLE   =      445.5168  DIHED      =     1453.2676
 VDWAALS =     6346.1805  EEL     =   -89962.7626  HBOND      =        0.0000
 1-4 VDW =      551.6817  1-4 EEL =    -2004.4300  RESTRAINT  =     1676.9917
 EAMBER  =   -83114.4063


   NSTEP       ENERGY          RMS            GMAX         NAME    NUMBER
   1600      -8.1437E+04     1.2557E+01     3.6182E+01     O       18014

 BOND    =       56.1398  ANGLE   =      445.5145  DIHED      =     1453.2678
 VDWAALS =     6346.1580  EEL     =   -89962.7778  HBOND      =        0.0000
 1-4 VDW =      551.6811  1-4 EEL =    -2004.4315  RESTRAINT  =     1677.0664
 EAMBER  =   -83114.4482


   NSTEP       ENERGY          RMS            GMAX         NAME    NUMBER
   1700      -8.1437E+04     1.2557E+01     3.6181E+01     O       18014

 BOND    =       56.1399  ANGLE   =      445.5121  DIHED      =     1453.2679
 VDWAALS =     6346.1361  EEL     =   -89962.7942  HBOND      =        0.0000
 1-4 VDW =      551.6806  1-4 EEL =    -2004.4327  RESTRAINT  =     1677.1415
 EAMBER  =   -83114.4903


   NSTEP       ENERGY          RMS            GMAX         NAME    NUMBER
   1800      -8.1437E+04     1.2557E+01     3.6181E+01     O       18014

 BOND    =       56.1400  ANGLE   =      445.5097  DIHED      =     1453.2681
 VDWAALS =     6346.1137  EEL     =   -89962.8116  HBOND      =        0.0000
 1-4 VDW =      551.6800  1-4 EEL =    -2004.4342  RESTRAINT  =     1677.2176
 EAMBER  =   -83114.5344


   NSTEP       ENERGY          RMS            GMAX         NAME    NUMBER
   1900      -8.1437E+04     1.2557E+01     3.6181E+01     O       18014

 BOND    =       56.1401  ANGLE   =      445.5073  DIHED      =     1453.2682
 VDWAALS =     6346.0917  EEL     =   -89962.8289  HBOND      =        0.0000
 1-4 VDW =      551.6794  1-4 EEL =    -2004.4356  RESTRAINT  =     1677.2934
 EAMBER  =   -83114.5778


   NSTEP       ENERGY          RMS            GMAX         NAME    NUMBER
   2000      -8.1437E+04     1.2557E+01     3.6180E+01     O       18014

 BOND    =       56.1402  ANGLE   =      445.5049  DIHED      =     1453.2684
 VDWAALS =     6346.0692  EEL     =   -89962.8439  HBOND      =        0.0000
 1-4 VDW =      551.6788  1-4 EEL =    -2004.4375  RESTRAINT  =     1677.3700
 EAMBER  =   -83114.6201

     ... RESTARTED DUE TO LINMIN FAILURE ...

     ... RESTARTED DUE TO LINMIN FAILURE ...

     ... RESTARTED DUE TO LINMIN FAILURE ...

     ... RESTARTED DUE TO LINMIN FAILURE ...


   NSTEP       ENERGY          RMS            GMAX         NAME    NUMBER
   2100      -8.1437E+04     1.2557E+01     3.6180E+01     O       18014

 BOND    =       56.1402  ANGLE   =      445.5040  DIHED      =     1453.2684
 VDWAALS =     6346.0612  EEL     =   -89962.8493  HBOND      =        0.0000
 1-4 VDW =      551.6785  1-4 EEL =    -2004.4381  RESTRAINT  =     1677.3981
 EAMBER  =   -83114.6351

     ... RESTARTED DUE TO LINMIN FAILURE ...

     ***** REPEATED LINMIN FAILURE *****

     ***** SEE http://ambermd.org/Questions/linmin.html FOR MORE INFO *****


                    FINAL RESULTS



   NSTEP       ENERGY          RMS            GMAX         NAME    NUMBER
   2114      -8.1437E+04     1.2557E+01     3.6180E+01     O       18014

 BOND    =       56.1402  ANGLE   =      445.5039  DIHED      =     1453.2684
 VDWAALS =     6346.0603  EEL     =   -89962.8501  HBOND      =        0.0000
 1-4 VDW =      551.6785  1-4 EEL =    -2004.4381  RESTRAINT  =     1677.4011
 EAMBER  =   -83114.6368

--------------------------------------------------------------------------------
   5.  TIMINGS
--------------------------------------------------------------------------------

|                Build the list             0.47 (53.44% of List )
|                Other                      0.41 (46.56% of List )
|             List time                  0.89 ( 0.08% of Nonbo)
|                   Short_ene time           976.09 (99.51% of Direc)
|                   Other                      4.83 ( 0.49% of Direc)
|                Direct Ewald time        980.92 (87.90% of Ewald)
|                Adjust Ewald time          5.26 ( 0.47% of Ewald)
|                   Fill Bspline coeffs        5.14 ( 4.00% of Recip)
|                   Fill charge grid          13.59 (10.56% of Recip)
|                   Scalar sum                31.38 (24.40% of Recip)
|                   Grad sum                  30.01 (23.33% of Recip)
|                   FFT time                  48.52 (37.71% of Recip)
|                   Other                      0.01 ( 0.01% of Recip)
|                Recip Ewald time         128.65 (11.53% of Ewald)
|                Virial junk                0.31 ( 0.03% of Ewald)
|                Other                      0.86 ( 0.08% of Ewald)
|             Ewald time              1116.00 (100.0% of Nonbo)
|          Nonbond force           1116.89 (99.13% of Force)
|          Bond/Angle/Dihedral        9.31 ( 0.83% of Force)
|          Other                      0.49 ( 0.04% of Force)
|       Force time              1126.68 (100.0% of Runmd)
|    Runmd Time              1126.68 (98.99% of Total)
|    Other                     11.44 ( 1.01% of Total)
| Total time              1138.17 (100.0% of ALL  )

| Number of list builds   :          1

| Highest rstack allocated:    1496742
| Highest istack allocated:      27844
|           Job began  at 21:34:20.242  on 03/06/2021
|           Setup done at 21:34:20.754  on 03/06/2021
|           Run   done at 21:53:18.411  on 03/06/2021
|     wallclock() was called   80382 times

|3D-RISM memory allocation summary
|Type          Maximum        Current   
|Integer       0.00000 GB     0.00000 GB
|Real          0.00000 GB     0.00000 GB
|Logical       0.00000 GB     0.00000 GB
|Character     0.00000 GB     0.00000 GB
|---------------------------------------
|Total         0.00000 GB     0.00000 GB
