
          -------------------------------------------------------
          Amber 18 SANDER                              2018
          -------------------------------------------------------

| Run on 03/06/2021 at 21:53:18

|   Executable path: /home/jiangyao/amber18/bin/sander
| Working directory: /home/jiangyao/NETWORK/202103067289-wt
|          Hostname: localhost.localdomain

  [-O]verwriting output

File Assignments:
|  MDIN: min2.in                                                               
| MDOUT: min2.out                                                              
|INPCRD: min1.rst                                                              
|  PARM: com_solvated.prmtop                                                   
|RESTRT: min2.rst                                                              
|  REFC: min1.rst                                                              
| MDVEL: mdvel                                                                 
| MDFRC: mdfrc                                                                 
|  MDEN: mden                                                                  
| MDCRD: min2.mdcrd                                                            
|MDINFO: mdinfo                                                                
|  MTMD: mtmd                                                                  
|INPDIP: inpdip                                                                
|RSTDIP: rstdip                                                                
|INPTRA: inptraj                                                               


 Here is the input file:

minimise                                                                       
&cntrl                                                                         
  imin=1,maxcyc=5000,ncyc=2000,                                                
  cut=10.0,ntb=1,                                                              
  ntc=2,ntf=2,                                                                 
  ntpr=100, ntwx = 100,                                                        
  ntr = 1, restraint_wt = 10, restraintmask = '@CA,C,O,N'                      
/                                                                              

--------------------------------------------------------------------------------
   1.  RESOURCE   USE: 
--------------------------------------------------------------------------------

| Flags:                                                                        
 getting box info from netcdf restart file
| NetCDF restart box info found
|Largest sphere to fit in unit cell has radius =    32.441
| New format PARM file being parsed.
| Version =    1.000 Date = 03/06/21 Time = 21:34:19
 NATOM  =   27844 NTYPES =      20 NBONH =   26677 MBONA  =    1227
 NTHETH =    2183 MTHETA =    1739 NPHIH =    4516 MPHIA  =    4424
 NHPARM =       0 NPARM  =       0 NNB   =   45950 NRES   =    8689
 NBONA  =    1227 NTHETA =    1739 NPHIA =    4424 NUMBND =     102
 NUMANG =     232 NPTRA  =     227 NATYP =      46 NPHB   =       1
 IFBOX  =       1 NMXRS  =      33 IFCAP =       0 NEXTRA =       0
 NCOPY  =       0


|     Memory Use     Allocated
|     Real             2370814
|     Hollerith          92223
|     Integer          1085827
|     Max Pairs       16038144
|     nblistReal        334128
|     nblist Int       1128368
|       Total            92790 kbytes

| Note: 1-4 EEL scale factors are being read from the topology file.

| Note: 1-4 VDW scale factors are being read from the topology file.
| Duplicated    0 dihedrals
| Duplicated    0 dihedrals

     BOX TYPE: RECTILINEAR

--------------------------------------------------------------------------------
   2.  CONTROL  DATA  FOR  THE  RUN
--------------------------------------------------------------------------------

default_name                                                                    

General flags:
     imin    =       1, nmropt  =       0

Nature and format of input:
     ntx     =       1, irest   =       0, ntrx    =       1

Nature and format of output:
     ntxo    =       2, ntpr    =     100, ntrx    =       1, ntwr    =       1
     iwrap   =       0, ntwx    =     100, ntwv    =       0, ntwe    =       0
     ioutfm  =       1, ntwprt  =       0, idecomp =       0, rbornstat=      0

Potential function:
     ntf     =       2, ntb     =       1, igb     =       0, nsnb    =      25
     ipol    =       0, gbsa    =       0, iesp    =       0
     dielc   =   1.00000, cut     =  10.00000, intdiel =   1.00000

Frozen or restrained atoms:
     ibelly  =       0, ntr     =       1
     restraint_wt =  10.00000

Energy minimization:
     maxcyc  =    5000, ncyc    =    2000, ntmin   =       1
     dx0     =   0.01000, drms    =   0.00010

SHAKE:
     ntc     =       2, jfastw  =       0
     tol     =   0.00001

Ewald parameters:
     verbose =       0, ew_type =       0, nbflag  =       1, use_pme =       1
     vdwmeth =       1, eedmeth =       1, netfrc  =       0
     Box X =   64.881   Box Y =   72.245   Box Z =   75.000
     Alpha =   90.000   Beta  =   90.000   Gamma =   90.000
     NFFT1 =   64       NFFT2 =   72       NFFT3 =   75
     Cutoff=   10.000   Tol   =0.100E-04
     Ewald Coefficient =  0.27511
     Interpolation order =    4
|  INFO: Old style inpcrd file read


    LOADING THE CONSTRAINED ATOMS AS GROUPS


   5.  REFERENCE ATOM COORDINATES

  defa
     Mask @CA,C,O,N; matches  8913 atoms

--------------------------------------------------------------------------------
   3.  ATOMIC COORDINATES AND VELOCITIES
--------------------------------------------------------------------------------

default_name                                                                    
 begin time read from input coords =     0.000 ps

 Number of triangulated 3-point waters found:     8573

     Sum of charges from parm topology file =   0.00000010
     Forcing neutrality...

--------------------------------------------------------------------------------
   4.  RESULTS
--------------------------------------------------------------------------------

 ---------------------------------------------------
 APPROXIMATING switch and d/dx switch using CUBIC SPLINE INTERPOLATION
 using   5000.0 points per unit in tabled values
 TESTING RELATIVE ERROR over r ranging from 0.0 to cutoff
| CHECK switch(x): max rel err =   0.2738E-14   at   2.422500
| CHECK d/dx switch(x): max rel err =   0.8314E-11   at   2.736960
 ---------------------------------------------------
| Local SIZE OF NONBOND LIST =    8139163
| TOTAL SIZE OF NONBOND LIST =    8139163


   NSTEP       ENERGY          RMS            GMAX         NAME    NUMBER
      1      -8.3115E+04     1.4296E+01     4.7444E+01     O       18014

 BOND    =       56.1402  ANGLE   =      445.5039  DIHED      =     1453.2684
 VDWAALS =     6346.0603  EEL     =   -89962.8501  HBOND      =        0.0000
 1-4 VDW =      551.6785  1-4 EEL =    -2004.4381  RESTRAINT  =        0.0000
 EAMBER  =   -83114.6368


   NSTEP       ENERGY          RMS            GMAX         NAME    NUMBER
    100      -8.3825E+04     1.3530E+01     4.0003E+01     O       18014

 BOND    =       60.9818  ANGLE   =      388.1122  DIHED      =     1459.5091
 VDWAALS =     5216.7894  EEL     =   -90149.8642  HBOND      =        0.0000
 1-4 VDW =      527.8202  1-4 EEL =    -2068.5279  RESTRAINT  =      740.1355
 EAMBER  =   -84565.1793


   NSTEP       ENERGY          RMS            GMAX         NAME    NUMBER
    200      -8.3825E+04     1.3530E+01     4.0003E+01     O       18014

 BOND    =       60.9819  ANGLE   =      388.1118  DIHED      =     1459.5092
 VDWAALS =     5216.7756  EEL     =   -90149.8612  HBOND      =        0.0000
 1-4 VDW =      527.8200  1-4 EEL =    -2068.5288  RESTRAINT  =      740.1596
 EAMBER  =   -84565.1917


   NSTEP       ENERGY          RMS            GMAX         NAME    NUMBER
    300      -8.3825E+04     1.3530E+01     4.0003E+01     O       18014

 BOND    =       60.9819  ANGLE   =      388.1114  DIHED      =     1459.5092
 VDWAALS =     5216.7617  EEL     =   -90149.8582  HBOND      =        0.0000
 1-4 VDW =      527.8197  1-4 EEL =    -2068.5297  RESTRAINT  =      740.1840
 EAMBER  =   -84565.2039


   NSTEP       ENERGY          RMS            GMAX         NAME    NUMBER
    400      -8.3825E+04     1.3530E+01     4.0003E+01     O       18014

 BOND    =       60.9820  ANGLE   =      388.1110  DIHED      =     1459.5093
 VDWAALS =     5216.7475  EEL     =   -90149.8537  HBOND      =        0.0000
 1-4 VDW =      527.8194  1-4 EEL =    -2068.5308  RESTRAINT  =      740.2088
 EAMBER  =   -84565.2153


   NSTEP       ENERGY          RMS            GMAX         NAME    NUMBER
    500      -8.3825E+04     1.3530E+01     4.0003E+01     O       18014

 BOND    =       60.9821  ANGLE   =      388.1106  DIHED      =     1459.5093
 VDWAALS =     5216.7341  EEL     =   -90149.8529  HBOND      =        0.0000
 1-4 VDW =      527.8192  1-4 EEL =    -2068.5315  RESTRAINT  =      740.2333
 EAMBER  =   -84565.2292


   NSTEP       ENERGY          RMS            GMAX         NAME    NUMBER
    600      -8.3825E+04     1.3530E+01     4.0003E+01     O       18014

 BOND    =       60.9822  ANGLE   =      388.1102  DIHED      =     1459.5094
 VDWAALS =     5216.7206  EEL     =   -90149.8494  HBOND      =        0.0000
 1-4 VDW =      527.8189  1-4 EEL =    -2068.5324  RESTRAINT  =      740.2576
 EAMBER  =   -84565.2406


   NSTEP       ENERGY          RMS            GMAX         NAME    NUMBER
    700      -8.3825E+04     1.3530E+01     4.0003E+01     O       18014

 BOND    =       60.9822  ANGLE   =      388.1098  DIHED      =     1459.5094
 VDWAALS =     5216.7062  EEL     =   -90149.8461  HBOND      =        0.0000
 1-4 VDW =      527.8186  1-4 EEL =    -2068.5334  RESTRAINT  =      740.2827
 EAMBER  =   -84565.2533


   NSTEP       ENERGY          RMS            GMAX         NAME    NUMBER
    800      -8.3825E+04     1.3530E+01     4.0003E+01     O       18014

 BOND    =       60.9823  ANGLE   =      388.1093  DIHED      =     1459.5095
 VDWAALS =     5216.6926  EEL     =   -90149.8408  HBOND      =        0.0000
 1-4 VDW =      527.8183  1-4 EEL =    -2068.5339  RESTRAINT  =      740.3071
 EAMBER  =   -84565.2627


   NSTEP       ENERGY          RMS            GMAX         NAME    NUMBER
    900      -8.3825E+04     1.3530E+01     4.0002E+01     O       18014

 BOND    =       60.9824  ANGLE   =      388.1089  DIHED      =     1459.5095
 VDWAALS =     5216.6776  EEL     =   -90149.8354  HBOND      =        0.0000
 1-4 VDW =      527.8180  1-4 EEL =    -2068.5346  RESTRAINT  =      740.3329
 EAMBER  =   -84565.2737


   NSTEP       ENERGY          RMS            GMAX         NAME    NUMBER
   1000      -8.3825E+04     1.3530E+01     4.0002E+01     O       18014

 BOND    =       60.9825  ANGLE   =      388.1085  DIHED      =     1459.5096
 VDWAALS =     5216.6641  EEL     =   -90149.8340  HBOND      =        0.0000
 1-4 VDW =      527.8177  1-4 EEL =    -2068.5356  RESTRAINT  =      740.3574
 EAMBER  =   -84565.2872


   NSTEP       ENERGY          RMS            GMAX         NAME    NUMBER
   1100      -8.3825E+04     1.3530E+01     4.0002E+01     O       18014

 BOND    =       60.9826  ANGLE   =      388.1081  DIHED      =     1459.5096
 VDWAALS =     5216.6504  EEL     =   -90149.8299  HBOND      =        0.0000
 1-4 VDW =      527.8175  1-4 EEL =    -2068.5366  RESTRAINT  =      740.3818
 EAMBER  =   -84565.2983


   NSTEP       ENERGY          RMS            GMAX         NAME    NUMBER
   1200      -8.3825E+04     1.3530E+01     4.0002E+01     O       18014

 BOND    =       60.9827  ANGLE   =      388.1077  DIHED      =     1459.5097
 VDWAALS =     5216.6357  EEL     =   -90149.8251  HBOND      =        0.0000
 1-4 VDW =      527.8172  1-4 EEL =    -2068.5372  RESTRAINT  =      740.4064
 EAMBER  =   -84565.3094


   NSTEP       ENERGY          RMS            GMAX         NAME    NUMBER
   1300      -8.3825E+04     1.3530E+01     4.0002E+01     O       18014

 BOND    =       60.9828  ANGLE   =      388.1073  DIHED      =     1459.5097
 VDWAALS =     5216.6221  EEL     =   -90149.8212  HBOND      =        0.0000
 1-4 VDW =      527.8169  1-4 EEL =    -2068.5380  RESTRAINT  =      740.4308
 EAMBER  =   -84565.3205


   NSTEP       ENERGY          RMS            GMAX         NAME    NUMBER
   1400      -8.3825E+04     1.3530E+01     4.0002E+01     O       18014

 BOND    =       60.9828  ANGLE   =      388.1068  DIHED      =     1459.5098
 VDWAALS =     5216.6078  EEL     =   -90149.8183  HBOND      =        0.0000
 1-4 VDW =      527.8166  1-4 EEL =    -2068.5389  RESTRAINT  =      740.4562
 EAMBER  =   -84565.3333


   NSTEP       ENERGY          RMS            GMAX         NAME    NUMBER
   1500      -8.3825E+04     1.3530E+01     4.0002E+01     O       18014

 BOND    =       60.9829  ANGLE   =      388.1064  DIHED      =     1459.5098
 VDWAALS =     5216.5946  EEL     =   -90149.8162  HBOND      =        0.0000
 1-4 VDW =      527.8163  1-4 EEL =    -2068.5397  RESTRAINT  =      740.4809
 EAMBER  =   -84565.3459


   NSTEP       ENERGY          RMS            GMAX         NAME    NUMBER
   1600      -8.3825E+04     1.3530E+01     4.0002E+01     O       18014

 BOND    =       60.9830  ANGLE   =      388.1060  DIHED      =     1459.5099
 VDWAALS =     5216.5795  EEL     =   -90149.8098  HBOND      =        0.0000
 1-4 VDW =      527.8160  1-4 EEL =    -2068.5405  RESTRAINT  =      740.5063
 EAMBER  =   -84565.3559


   NSTEP       ENERGY          RMS            GMAX         NAME    NUMBER
   1700      -8.3825E+04     1.3530E+01     4.0002E+01     O       18014

 BOND    =       60.9831  ANGLE   =      388.1056  DIHED      =     1459.5100
 VDWAALS =     5216.5659  EEL     =   -90149.8068  HBOND      =        0.0000
 1-4 VDW =      527.8157  1-4 EEL =    -2068.5412  RESTRAINT  =      740.5308
 EAMBER  =   -84565.3678


   NSTEP       ENERGY          RMS            GMAX         NAME    NUMBER
   1800      -8.3825E+04     1.3530E+01     4.0001E+01     O       18014

 BOND    =       60.9831  ANGLE   =      388.1052  DIHED      =     1459.5100
 VDWAALS =     5216.5519  EEL     =   -90149.8004  HBOND      =        0.0000
 1-4 VDW =      527.8155  1-4 EEL =    -2068.5424  RESTRAINT  =      740.5552
 EAMBER  =   -84565.3772


   NSTEP       ENERGY          RMS            GMAX         NAME    NUMBER
   1900      -8.3825E+04     1.3530E+01     4.0001E+01     O       18014

 BOND    =       60.9832  ANGLE   =      388.1048  DIHED      =     1459.5100
 VDWAALS =     5216.5382  EEL     =   -90149.7954  HBOND      =        0.0000
 1-4 VDW =      527.8152  1-4 EEL =    -2068.5431  RESTRAINT  =      740.5797
 EAMBER  =   -84565.3871


   NSTEP       ENERGY          RMS            GMAX         NAME    NUMBER
   2000      -8.3825E+04     1.3530E+01     4.0001E+01     O       18014

 BOND    =       60.9832  ANGLE   =      388.1044  DIHED      =     1459.5101
 VDWAALS =     5216.5241  EEL     =   -90149.7902  HBOND      =        0.0000
 1-4 VDW =      527.8149  1-4 EEL =    -2068.5440  RESTRAINT  =      740.6041
 EAMBER  =   -84565.3975

     ... RESTARTED DUE TO LINMIN FAILURE ...

     ... RESTARTED DUE TO LINMIN FAILURE ...

     ... RESTARTED DUE TO LINMIN FAILURE ...

     ... RESTARTED DUE TO LINMIN FAILURE ...


   NSTEP       ENERGY          RMS            GMAX         NAME    NUMBER
   2100      -8.3825E+04     1.3530E+01     4.0001E+01     O       18014

 BOND    =       60.9833  ANGLE   =      388.1042  DIHED      =     1459.5101
 VDWAALS =     5216.5202  EEL     =   -90149.7878  HBOND      =        0.0000
 1-4 VDW =      527.8148  1-4 EEL =    -2068.5443  RESTRAINT  =      740.6113
 EAMBER  =   -84565.3995

     ... RESTARTED DUE TO LINMIN FAILURE ...

     ***** REPEATED LINMIN FAILURE *****

     ***** SEE http://ambermd.org/Questions/linmin.html FOR MORE INFO *****


                    FINAL RESULTS



   NSTEP       ENERGY          RMS            GMAX         NAME    NUMBER
   2114      -8.3825E+04     1.3530E+01     4.0001E+01     O       18014

 BOND    =       60.9833  ANGLE   =      388.1042  DIHED      =     1459.5101
 VDWAALS =     5216.5196  EEL     =   -90149.7877  HBOND      =        0.0000
 1-4 VDW =      527.8148  1-4 EEL =    -2068.5443  RESTRAINT  =      740.6123
 EAMBER  =   -84565.4000

--------------------------------------------------------------------------------
   5.  TIMINGS
--------------------------------------------------------------------------------

|                Build the list             0.47 (53.47% of List )
|                Other                      0.41 (46.53% of List )
|             List time                  0.88 ( 0.08% of Nonbo)
|                   Short_ene time           976.74 (99.51% of Direc)
|                   Other                      4.83 ( 0.49% of Direc)
|                Direct Ewald time        981.57 (87.96% of Ewald)
|                Adjust Ewald time          5.25 ( 0.47% of Ewald)
|                   Fill Bspline coeffs        4.78 ( 3.74% of Recip)
|                   Fill charge grid          13.56 (10.60% of Recip)
|                   Scalar sum                31.38 (24.53% of Recip)
|                   Grad sum                  30.02 (23.47% of Recip)
|                   FFT time                  48.17 (37.66% of Recip)
|                   Other                      0.01 ( 0.01% of Recip)
|                Recip Ewald time         127.92 (11.46% of Ewald)
|                Virial junk                0.31 ( 0.03% of Ewald)
|                Other                      0.86 ( 0.08% of Ewald)
|             Ewald time              1115.93 (100.0% of Nonbo)
|          Nonbond force           1116.81 (99.10% of Force)
|          Bond/Angle/Dihedral        9.71 ( 0.86% of Force)
|          Other                      0.48 ( 0.04% of Force)
|       Force time              1127.01 (100.0% of Runmd)
|    Runmd Time              1127.01 (99.00% of Total)
|    Other                     11.33 ( 1.00% of Total)
| Total time              1138.35 (100.0% of ALL  )

| Number of list builds   :          1

| Highest rstack allocated:    1496742
| Highest istack allocated:      27844
|           Job began  at 21:53:18.428  on 03/06/2021
|           Setup done at 21:53:18.763  on 03/06/2021
|           Run   done at 22:12:16.775  on 03/06/2021
|     wallclock() was called   80382 times

|3D-RISM memory allocation summary
|Type          Maximum        Current   
|Integer       0.00000 GB     0.00000 GB
|Real          0.00000 GB     0.00000 GB
|Logical       0.00000 GB     0.00000 GB
|Character     0.00000 GB     0.00000 GB
|---------------------------------------
|Total         0.00000 GB     0.00000 GB
