Loading and checking parameter files for compatibility...
sander found! Using /home/yaojiang/amber18/bin/sander
cpptraj found! Using /home/yaojiang/amber18/bin/cpptraj
Preparing trajectories for simulation...
1 frames were processed by cpptraj for use in calculation.

Running calculations on normal system...

Beginning GB calculations with /home/yaojiang/amber18/bin/sander
  calculating complex contribution...
  calculating receptor contribution...
  calculating ligand contribution...

Timing:
Total setup time:                           0.632 sec.
Creating trajectories with cpptraj:         2.909 sec.
Total calculation time:                    12.286 sec.

Total GB calculation time:                 12.286 sec.

Statistics calculation & output writing:    2.044 sec.
Total time taken:                          17.913 sec.


MMPBSA.py Finished! Thank you for using. Please cite us if you publish this work with this paper:
   Miller III, B. R., McGee Jr., T. D., Swails, J. M. Homeyer, N. Gohlke, H. and Roitberg, A. E.
   J. Chem. Theory Comput., 2012, 8 (9) pp 3314--3321
