
          -------------------------------------------------------
          Amber 18 SANDER                              2018
          -------------------------------------------------------

| Run on 03/06/2021 at 22:36:31

|   Executable path: /home/jiangyao/amber18/bin/sander
| Working directory: /home/jiangyao/NETWORK/202103067289-mt
|          Hostname: localhost.localdomain

  [-O]verwriting output

File Assignments:
|  MDIN: min1.in                                                               
| MDOUT: min1.out                                                              
|INPCRD: com_solvated.inpcrd                                                   
|  PARM: com_solvated.prmtop                                                   
|RESTRT: min1.rst                                                              
|  REFC: com_solvated.inpcrd                                                   
| MDVEL: mdvel                                                                 
| MDFRC: mdfrc                                                                 
|  MDEN: mden                                                                  
| MDCRD: min1.mdcrd                                                            
|MDINFO: mdinfo                                                                
|  MTMD: mtmd                                                                  
|INPDIP: inpdip                                                                
|RSTDIP: rstdip                                                                
|INPTRA: inptraj                                                               


 Here is the input file:

minimise                                                                       
&cntrl                                                                         
  imin=1,maxcyc=5000,ncyc=2000,                                                
  cut=10.0,ntb=1,                                                              
  ntc=2,ntf=2,                                                                 
  ntpr=100, ntwx = 100,                                                        
  ntr = 1, restraint_wt = 50, restraintmask = '@CA,C,O,N'                      
/                                                                              

--------------------------------------------------------------------------------
   1.  RESOURCE   USE: 
--------------------------------------------------------------------------------

| Flags:                                                                        
 getting new box info from bottom of inpcrd
|  INFO: Old style inpcrd file read

| peek_ewald_inpcrd: Box info found
|Largest sphere to fit in unit cell has radius =    32.165
| New format PARM file being parsed.
| Version =    1.000 Date = 03/06/21 Time = 22:36:30
 NATOM  =   27694 NTYPES =      20 NBONH =   26531 MBONA  =    1224
 NTHETH =    2184 MTHETA =    1735 NPHIH =    4514 MPHIA  =    4407
 NHPARM =       0 NPARM  =       0 NNB   =   45741 NRES   =    8639
 NBONA  =    1224 NTHETA =    1735 NPHIA =    4407 NUMBND =     102
 NUMANG =     232 NPTRA  =     227 NATYP =      46 NPHB   =       1
 IFBOX  =       1 NMXRS  =      33 IFCAP =       0 NEXTRA =       0
 NCOPY  =       0


|     Memory Use     Allocated
|     Real             2358519
|     Hollerith          91723
|     Integer          1081587
|     Max Pairs       15951744
|     nblistReal        332328
|     nblist Int       1125102
|       Total            92311 kbytes

| Note: 1-4 EEL scale factors are being read from the topology file.

| Note: 1-4 VDW scale factors are being read from the topology file.
| Duplicated    0 dihedrals
| Duplicated    0 dihedrals

     BOX TYPE: RECTILINEAR

--------------------------------------------------------------------------------
   2.  CONTROL  DATA  FOR  THE  RUN
--------------------------------------------------------------------------------

default_name                                                                    

General flags:
     imin    =       1, nmropt  =       0

Nature and format of input:
     ntx     =       1, irest   =       0, ntrx    =       1

Nature and format of output:
     ntxo    =       2, ntpr    =     100, ntrx    =       1, ntwr    =       1
     iwrap   =       0, ntwx    =     100, ntwv    =       0, ntwe    =       0
     ioutfm  =       1, ntwprt  =       0, idecomp =       0, rbornstat=      0

Potential function:
     ntf     =       2, ntb     =       1, igb     =       0, nsnb    =      25
     ipol    =       0, gbsa    =       0, iesp    =       0
     dielc   =   1.00000, cut     =  10.00000, intdiel =   1.00000

Frozen or restrained atoms:
     ibelly  =       0, ntr     =       1
     restraint_wt =  50.00000

Energy minimization:
     maxcyc  =    5000, ncyc    =    2000, ntmin   =       1
     dx0     =   0.01000, drms    =   0.00010

SHAKE:
     ntc     =       2, jfastw  =       0
     tol     =   0.00001

Ewald parameters:
     verbose =       0, ew_type =       0, nbflag  =       1, use_pme =       1
     vdwmeth =       1, eedmeth =       1, netfrc  =       0
     Box X =   64.330   Box Y =   72.245   Box Z =   75.000
     Alpha =   90.000   Beta  =   90.000   Gamma =   90.000
     NFFT1 =   64       NFFT2 =   72       NFFT3 =   75
     Cutoff=   10.000   Tol   =0.100E-04
     Ewald Coefficient =  0.27511
     Interpolation order =    4

    LOADING THE CONSTRAINED ATOMS AS GROUPS


   5.  REFERENCE ATOM COORDINATES

  defa
     Mask @CA,C,O,N; matches  8864 atoms

--------------------------------------------------------------------------------
   3.  ATOMIC COORDINATES AND VELOCITIES
--------------------------------------------------------------------------------

default_name                                                                    
 begin time read from input coords =     0.000 ps

 Number of triangulated 3-point waters found:     8524

     Sum of charges from parm topology file =   0.00000010
     Forcing neutrality...

--------------------------------------------------------------------------------
   4.  RESULTS
--------------------------------------------------------------------------------

 ---------------------------------------------------
 APPROXIMATING switch and d/dx switch using CUBIC SPLINE INTERPOLATION
 using   5000.0 points per unit in tabled values
 TESTING RELATIVE ERROR over r ranging from 0.0 to cutoff
| CHECK switch(x): max rel err =   0.2738E-14   at   2.422500
| CHECK d/dx switch(x): max rel err =   0.8314E-11   at   2.736960
 ---------------------------------------------------
| Local SIZE OF NONBOND LIST =    8111164
| TOTAL SIZE OF NONBOND LIST =    8111164


   NSTEP       ENERGY          RMS            GMAX         NAME    NUMBER
      1      -7.9387E+04     1.5026E+01     1.4902E+02     O        2113

 BOND    =       61.4401  ANGLE   =      976.7298  DIHED      =     1458.5251
 VDWAALS =     7635.4416  EEL     =   -88220.2753  HBOND      =        0.0000
 1-4 VDW =      594.4518  1-4 EEL =    -1893.3213  RESTRAINT  =        0.0002
 EAMBER  =   -79387.0082


   NSTEP       ENERGY          RMS            GMAX         NAME    NUMBER
    100      -8.0628E+04     1.2571E+01     6.4611E+01     O        2113

 BOND    =       60.0405  ANGLE   =      507.9800  DIHED      =     1464.6606
 VDWAALS =     6290.7672  EEL     =   -89177.3098  HBOND      =        0.0000
 1-4 VDW =      551.6154  1-4 EEL =    -2003.6220  RESTRAINT  =     1677.8781
 EAMBER  =   -82305.8681


   NSTEP       ENERGY          RMS            GMAX         NAME    NUMBER
    200      -8.0628E+04     1.2571E+01     6.4610E+01     O        2113

 BOND    =       60.0405  ANGLE   =      507.9761  DIHED      =     1464.6607
 VDWAALS =     6290.7456  EEL     =   -89177.3272  HBOND      =        0.0000
 1-4 VDW =      551.6149  1-4 EEL =    -2003.6238  RESTRAINT  =     1677.9533
 EAMBER  =   -82305.9131


   NSTEP       ENERGY          RMS            GMAX         NAME    NUMBER
    300      -8.0628E+04     1.2571E+01     6.4608E+01     O        2113

 BOND    =       60.0406  ANGLE   =      507.9722  DIHED      =     1464.6608
 VDWAALS =     6290.7240  EEL     =   -89177.3440  HBOND      =        0.0000
 1-4 VDW =      551.6143  1-4 EEL =    -2003.6255  RESTRAINT  =     1678.0285
 EAMBER  =   -82305.9577


   NSTEP       ENERGY          RMS            GMAX         NAME    NUMBER
    400      -8.0628E+04     1.2571E+01     6.4607E+01     O        2113

 BOND    =       60.0407  ANGLE   =      507.9683  DIHED      =     1464.6609
 VDWAALS =     6290.7025  EEL     =   -89177.3625  HBOND      =        0.0000
 1-4 VDW =      551.6137  1-4 EEL =    -2003.6269  RESTRAINT  =     1678.1038
 EAMBER  =   -82306.0033


   NSTEP       ENERGY          RMS            GMAX         NAME    NUMBER
    500      -8.0628E+04     1.2571E+01     6.4605E+01     O        2113

 BOND    =       60.0407  ANGLE   =      507.9644  DIHED      =     1464.6610
 VDWAALS =     6290.6804  EEL     =   -89177.3775  HBOND      =        0.0000
 1-4 VDW =      551.6132  1-4 EEL =    -2003.6282  RESTRAINT  =     1678.1789
 EAMBER  =   -82306.0460


   NSTEP       ENERGY          RMS            GMAX         NAME    NUMBER
    600      -8.0628E+04     1.2571E+01     6.4604E+01     O        2113

 BOND    =       60.0408  ANGLE   =      507.9606  DIHED      =     1464.6610
 VDWAALS =     6290.6590  EEL     =   -89177.3927  HBOND      =        0.0000
 1-4 VDW =      551.6126  1-4 EEL =    -2003.6302  RESTRAINT  =     1678.2541
 EAMBER  =   -82306.0890


   NSTEP       ENERGY          RMS            GMAX         NAME    NUMBER
    700      -8.0628E+04     1.2571E+01     6.4602E+01     O        2113

 BOND    =       60.0409  ANGLE   =      507.9566  DIHED      =     1464.6611
 VDWAALS =     6290.6373  EEL     =   -89177.4103  HBOND      =        0.0000
 1-4 VDW =      551.6120  1-4 EEL =    -2003.6316  RESTRAINT  =     1678.3293
 EAMBER  =   -82306.1339


   NSTEP       ENERGY          RMS            GMAX         NAME    NUMBER
    800      -8.0628E+04     1.2571E+01     6.4601E+01     O        2113

 BOND    =       60.0409  ANGLE   =      507.9527  DIHED      =     1464.6612
 VDWAALS =     6290.6153  EEL     =   -89177.4277  HBOND      =        0.0000
 1-4 VDW =      551.6115  1-4 EEL =    -2003.6331  RESTRAINT  =     1678.4045
 EAMBER  =   -82306.1791


   NSTEP       ENERGY          RMS            GMAX         NAME    NUMBER
    900      -8.0628E+04     1.2571E+01     6.4600E+01     O        2113

 BOND    =       60.0410  ANGLE   =      507.9488  DIHED      =     1464.6613
 VDWAALS =     6290.5943  EEL     =   -89177.4458  HBOND      =        0.0000
 1-4 VDW =      551.6109  1-4 EEL =    -2003.6349  RESTRAINT  =     1678.4799
 EAMBER  =   -82306.2243


   NSTEP       ENERGY          RMS            GMAX         NAME    NUMBER
   1000      -8.0628E+04     1.2570E+01     6.4598E+01     O        2113

 BOND    =       60.0410  ANGLE   =      507.9449  DIHED      =     1464.6614
 VDWAALS =     6290.5727  EEL     =   -89177.4633  HBOND      =        0.0000
 1-4 VDW =      551.6104  1-4 EEL =    -2003.6362  RESTRAINT  =     1678.5551
 EAMBER  =   -82306.2690


   NSTEP       ENERGY          RMS            GMAX         NAME    NUMBER
   1100      -8.0628E+04     1.2570E+01     6.4597E+01     O        2113

 BOND    =       60.0411  ANGLE   =      507.9411  DIHED      =     1464.6615
 VDWAALS =     6290.5513  EEL     =   -89177.4803  HBOND      =        0.0000
 1-4 VDW =      551.6098  1-4 EEL =    -2003.6377  RESTRAINT  =     1678.6303
 EAMBER  =   -82306.3133


   NSTEP       ENERGY          RMS            GMAX         NAME    NUMBER
   1200      -8.0628E+04     1.2570E+01     6.4595E+01     O        2113

 BOND    =       60.0412  ANGLE   =      507.9372  DIHED      =     1464.6615
 VDWAALS =     6290.5300  EEL     =   -89177.4961  HBOND      =        0.0000
 1-4 VDW =      551.6093  1-4 EEL =    -2003.6389  RESTRAINT  =     1678.7054
 EAMBER  =   -82306.3557


   NSTEP       ENERGY          RMS            GMAX         NAME    NUMBER
   1300      -8.0628E+04     1.2570E+01     6.4594E+01     O        2113

 BOND    =       60.0412  ANGLE   =      507.9333  DIHED      =     1464.6616
 VDWAALS =     6290.5083  EEL     =   -89177.5129  HBOND      =        0.0000
 1-4 VDW =      551.6087  1-4 EEL =    -2003.6408  RESTRAINT  =     1678.7806
 EAMBER  =   -82306.4005


   NSTEP       ENERGY          RMS            GMAX         NAME    NUMBER
   1400      -8.0628E+04     1.2570E+01     6.4592E+01     O        2113

 BOND    =       60.0413  ANGLE   =      507.9294  DIHED      =     1464.6617
 VDWAALS =     6290.4868  EEL     =   -89177.5301  HBOND      =        0.0000
 1-4 VDW =      551.6081  1-4 EEL =    -2003.6427  RESTRAINT  =     1678.8558
 EAMBER  =   -82306.4455


   NSTEP       ENERGY          RMS            GMAX         NAME    NUMBER
   1500      -8.0628E+04     1.2570E+01     6.4591E+01     O        2113

 BOND    =       60.0414  ANGLE   =      507.9256  DIHED      =     1464.6618
 VDWAALS =     6290.4655  EEL     =   -89177.5476  HBOND      =        0.0000
 1-4 VDW =      551.6075  1-4 EEL =    -2003.6439  RESTRAINT  =     1678.9299
 EAMBER  =   -82306.4897


   NSTEP       ENERGY          RMS            GMAX         NAME    NUMBER
   1600      -8.0628E+04     1.2570E+01     6.4590E+01     O        2113

 BOND    =       60.0414  ANGLE   =      507.9216  DIHED      =     1464.6619
 VDWAALS =     6290.4440  EEL     =   -89177.5642  HBOND      =        0.0000
 1-4 VDW =      551.6070  1-4 EEL =    -2003.6457  RESTRAINT  =     1679.0051
 EAMBER  =   -82306.5340


   NSTEP       ENERGY          RMS            GMAX         NAME    NUMBER
   1700      -8.0627E+04     1.2570E+01     6.4588E+01     O        2113

 BOND    =       60.0415  ANGLE   =      507.9177  DIHED      =     1464.6620
 VDWAALS =     6290.4217  EEL     =   -89177.5833  HBOND      =        0.0000
 1-4 VDW =      551.6064  1-4 EEL =    -2003.6472  RESTRAINT  =     1679.0823
 EAMBER  =   -82306.5812


   NSTEP       ENERGY          RMS            GMAX         NAME    NUMBER
   1800      -8.0627E+04     1.2570E+01     6.4587E+01     O        2113

 BOND    =       60.0416  ANGLE   =      507.9136  DIHED      =     1464.6621
 VDWAALS =     6290.3990  EEL     =   -89177.6019  HBOND      =        0.0000
 1-4 VDW =      551.6058  1-4 EEL =    -2003.6492  RESTRAINT  =     1679.1615
 EAMBER  =   -82306.6290


   NSTEP       ENERGY          RMS            GMAX         NAME    NUMBER
   1900      -8.0627E+04     1.2570E+01     6.4585E+01     O        2113

 BOND    =       60.0417  ANGLE   =      507.9097  DIHED      =     1464.6622
 VDWAALS =     6290.3778  EEL     =   -89177.6185  HBOND      =        0.0000
 1-4 VDW =      551.6052  1-4 EEL =    -2003.6501  RESTRAINT  =     1679.2367
 EAMBER  =   -82306.6720


   NSTEP       ENERGY          RMS            GMAX         NAME    NUMBER
   2000      -8.0627E+04     1.2570E+01     6.4584E+01     O        2113

 BOND    =       60.0417  ANGLE   =      507.9058  DIHED      =     1464.6622
 VDWAALS =     6290.3563  EEL     =   -89177.6356  HBOND      =        0.0000
 1-4 VDW =      551.6047  1-4 EEL =    -2003.6516  RESTRAINT  =     1679.3119
 EAMBER  =   -82306.7164

     ... RESTARTED DUE TO LINMIN FAILURE ...

     ... RESTARTED DUE TO LINMIN FAILURE ...

     ... RESTARTED DUE TO LINMIN FAILURE ...

     ... RESTARTED DUE TO LINMIN FAILURE ...


   NSTEP       ENERGY          RMS            GMAX         NAME    NUMBER
   2100      -8.0627E+04     1.2570E+01     6.4583E+01     O        2113

 BOND    =       60.0418  ANGLE   =      507.9046  DIHED      =     1464.6623
 VDWAALS =     6290.3500  EEL     =   -89177.6405  HBOND      =        0.0000
 1-4 VDW =      551.6045  1-4 EEL =    -2003.6519  RESTRAINT  =     1679.3336
 EAMBER  =   -82306.7293

     ... RESTARTED DUE TO LINMIN FAILURE ...

     ***** REPEATED LINMIN FAILURE *****

     ***** SEE http://ambermd.org/Questions/linmin.html FOR MORE INFO *****


                    FINAL RESULTS



   NSTEP       ENERGY          RMS            GMAX         NAME    NUMBER
   2114      -8.0627E+04     1.2570E+01     6.4583E+01     O        2113

 BOND    =       60.0418  ANGLE   =      507.9045  DIHED      =     1464.6623
 VDWAALS =     6290.3490  EEL     =   -89177.6411  HBOND      =        0.0000
 1-4 VDW =      551.6045  1-4 EEL =    -2003.6520  RESTRAINT  =     1679.3366
 EAMBER  =   -82306.7311

--------------------------------------------------------------------------------
   5.  TIMINGS
--------------------------------------------------------------------------------

|                Build the list             0.47 (53.75% of List )
|                Other                      0.40 (46.25% of List )
|             List time                  0.87 ( 0.08% of Nonbo)
|                   Short_ene time           968.36 (99.51% of Direc)
|                   Other                      4.82 ( 0.49% of Direc)
|                Direct Ewald time        973.17 (87.90% of Ewald)
|                Adjust Ewald time          5.25 ( 0.47% of Ewald)
|                   Fill Bspline coeffs        4.70 ( 3.68% of Recip)
|                   Fill charge grid          13.50 (10.59% of Recip)
|                   Scalar sum                31.41 (24.62% of Recip)
|                   Grad sum                  29.91 (23.45% of Recip)
|                   FFT time                  48.03 (37.65% of Recip)
|                   Other                      0.01 ( 0.01% of Recip)
|                Recip Ewald time         127.56 (11.52% of Ewald)
|                Virial junk                0.31 ( 0.03% of Ewald)
|                Other                      0.86 ( 0.08% of Ewald)
|             Ewald time              1107.16 (100.0% of Nonbo)
|          Nonbond force           1108.03 (99.13% of Force)
|          Bond/Angle/Dihedral        9.29 ( 0.83% of Force)
|          Other                      0.48 ( 0.04% of Force)
|       Force time              1117.80 (100.0% of Runmd)
|    Runmd Time              1117.80 (98.98% of Total)
|    Other                     11.51 ( 1.02% of Total)
| Total time              1129.36 (100.0% of ALL  )

| Number of list builds   :          1

| Highest rstack allocated:    1492692
| Highest istack allocated:      27694
|           Job began  at 22:36:31.222  on 03/06/2021
|           Setup done at 22:36:31.739  on 03/06/2021
|           Run   done at 22:55:20.583  on 03/06/2021
|     wallclock() was called   80382 times

|3D-RISM memory allocation summary
|Type          Maximum        Current   
|Integer       0.00000 GB     0.00000 GB
|Real          0.00000 GB     0.00000 GB
|Logical       0.00000 GB     0.00000 GB
|Character     0.00000 GB     0.00000 GB
|---------------------------------------
|Total         0.00000 GB     0.00000 GB
