
          -------------------------------------------------------
          Amber 18 SANDER                              2018
          -------------------------------------------------------

| Run on 03/06/2021 at 23:14:12

|   Executable path: /home/jiangyao/amber18/bin/sander
| Working directory: /home/jiangyao/NETWORK/202103067289-mt
|          Hostname: localhost.localdomain

  [-O]verwriting output

File Assignments:
|  MDIN: min3.in                                                               
| MDOUT: min3.out                                                              
|INPCRD: min2.rst                                                              
|  PARM: com_solvated.prmtop                                                   
|RESTRT: min3.rst                                                              
|  REFC: min2.rst                                                              
| MDVEL: mdvel                                                                 
| MDFRC: mdfrc                                                                 
|  MDEN: mden                                                                  
| MDCRD: min3.mdcrd                                                            
|MDINFO: mdinfo                                                                
|  MTMD: mtmd                                                                  
|INPDIP: inpdip                                                                
|RSTDIP: rstdip                                                                
|INPTRA: inptraj                                                               


 Here is the input file:

minimise                                                                       
&cntrl                                                                         
  imin=1,maxcyc=5000,ncyc=2000,                                                
  cut=10.0,ntb=1,                                                              
  ntc=2,ntf=2,                                                                 
  ntpr=100, ntwx = 100                                                         
/                                                                              

--------------------------------------------------------------------------------
   1.  RESOURCE   USE: 
--------------------------------------------------------------------------------

| Flags:                                                                        
 getting box info from netcdf restart file
| NetCDF restart box info found
|Largest sphere to fit in unit cell has radius =    32.165
| New format PARM file being parsed.
| Version =    1.000 Date = 03/06/21 Time = 22:36:30
 NATOM  =   27694 NTYPES =      20 NBONH =   26531 MBONA  =    1224
 NTHETH =    2184 MTHETA =    1735 NPHIH =    4514 MPHIA  =    4407
 NHPARM =       0 NPARM  =       0 NNB   =   45741 NRES   =    8639
 NBONA  =    1224 NTHETA =    1735 NPHIA =    4407 NUMBND =     102
 NUMANG =     232 NPTRA  =     227 NATYP =      46 NPHB   =       1
 IFBOX  =       1 NMXRS  =      33 IFCAP =       0 NEXTRA =       0
 NCOPY  =       0


|     Memory Use     Allocated
|     Real             2247693
|     Hollerith          91723
|     Integer          1081587
|     Max Pairs       15951744
|     nblistReal        332328
|     nblist Int       1125102
|       Total            91446 kbytes

| Note: 1-4 EEL scale factors are being read from the topology file.

| Note: 1-4 VDW scale factors are being read from the topology file.
| Duplicated    0 dihedrals
| Duplicated    0 dihedrals

     BOX TYPE: RECTILINEAR

--------------------------------------------------------------------------------
   2.  CONTROL  DATA  FOR  THE  RUN
--------------------------------------------------------------------------------

default_name                                                                    

General flags:
     imin    =       1, nmropt  =       0

Nature and format of input:
     ntx     =       1, irest   =       0, ntrx    =       1

Nature and format of output:
     ntxo    =       2, ntpr    =     100, ntrx    =       1, ntwr    =       1
     iwrap   =       0, ntwx    =     100, ntwv    =       0, ntwe    =       0
     ioutfm  =       1, ntwprt  =       0, idecomp =       0, rbornstat=      0

Potential function:
     ntf     =       2, ntb     =       1, igb     =       0, nsnb    =      25
     ipol    =       0, gbsa    =       0, iesp    =       0
     dielc   =   1.00000, cut     =  10.00000, intdiel =   1.00000

Frozen or restrained atoms:
     ibelly  =       0, ntr     =       0

Energy minimization:
     maxcyc  =    5000, ncyc    =    2000, ntmin   =       1
     dx0     =   0.01000, drms    =   0.00010

SHAKE:
     ntc     =       2, jfastw  =       0
     tol     =   0.00001

Ewald parameters:
     verbose =       0, ew_type =       0, nbflag  =       1, use_pme =       1
     vdwmeth =       1, eedmeth =       1, netfrc  =       0
     Box X =   64.330   Box Y =   72.245   Box Z =   75.000
     Alpha =   90.000   Beta  =   90.000   Gamma =   90.000
     NFFT1 =   64       NFFT2 =   72       NFFT3 =   75
     Cutoff=   10.000   Tol   =0.100E-04
     Ewald Coefficient =  0.27511
     Interpolation order =    4
|  INFO: Old style inpcrd file read


--------------------------------------------------------------------------------
   3.  ATOMIC COORDINATES AND VELOCITIES
--------------------------------------------------------------------------------

default_name                                                                    
 begin time read from input coords =     0.000 ps

 Number of triangulated 3-point waters found:     8524

     Sum of charges from parm topology file =   0.00000010
     Forcing neutrality...

--------------------------------------------------------------------------------
   4.  RESULTS
--------------------------------------------------------------------------------

 ---------------------------------------------------
 APPROXIMATING switch and d/dx switch using CUBIC SPLINE INTERPOLATION
 using   5000.0 points per unit in tabled values
 TESTING RELATIVE ERROR over r ranging from 0.0 to cutoff
| CHECK switch(x): max rel err =   0.2738E-14   at   2.422500
| CHECK d/dx switch(x): max rel err =   0.8314E-11   at   2.736960
 ---------------------------------------------------
| Local SIZE OF NONBOND LIST =    8109022
| TOTAL SIZE OF NONBOND LIST =    8109022


   NSTEP       ENERGY          RMS            GMAX         NAME    NUMBER
      1      -8.3842E+04     1.4079E+01     4.3578E+01     O       18011

 BOND    =       62.4464  ANGLE   =      400.0820  DIHED      =     1464.0726
 VDWAALS =     5186.2064  EEL     =   -89415.1187  HBOND      =        0.0000
 1-4 VDW =      528.1817  1-4 EEL =    -2068.1281  RESTRAINT  =        0.0000


   NSTEP       ENERGY          RMS            GMAX         NAME    NUMBER
    100      -8.4000E+04     1.3935E+01     4.1661E+01     O       25415

 BOND    =       64.9712  ANGLE   =      380.6589  DIHED      =     1459.5662
 VDWAALS =     4596.2830  EEL     =   -88917.5306  HBOND      =        0.0000
 1-4 VDW =      516.8636  1-4 EEL =    -2100.4268  RESTRAINT  =        0.0000


   NSTEP       ENERGY          RMS            GMAX         NAME    NUMBER
    200      -8.4000E+04     1.3935E+01     4.1661E+01     O       25415

 BOND    =       64.9712  ANGLE   =      380.6587  DIHED      =     1459.5661
 VDWAALS =     4596.2725  EEL     =   -88917.5169  HBOND      =        0.0000
 1-4 VDW =      516.8635  1-4 EEL =    -2100.4276  RESTRAINT  =        0.0000


   NSTEP       ENERGY          RMS            GMAX         NAME    NUMBER
    300      -8.4000E+04     1.3935E+01     4.1661E+01     O       25415

 BOND    =       64.9713  ANGLE   =      380.6586  DIHED      =     1459.5661
 VDWAALS =     4596.2622  EEL     =   -88917.5007  HBOND      =        0.0000
 1-4 VDW =      516.8633  1-4 EEL =    -2100.4284  RESTRAINT  =        0.0000


   NSTEP       ENERGY          RMS            GMAX         NAME    NUMBER
    400      -8.4000E+04     1.3935E+01     4.1661E+01     O       25415

 BOND    =       64.9713  ANGLE   =      380.6584  DIHED      =     1459.5660
 VDWAALS =     4596.2518  EEL     =   -88917.4871  HBOND      =        0.0000
 1-4 VDW =      516.8631  1-4 EEL =    -2100.4289  RESTRAINT  =        0.0000


   NSTEP       ENERGY          RMS            GMAX         NAME    NUMBER
    500      -8.4000E+04     1.3935E+01     4.1661E+01     O       25415

 BOND    =       64.9714  ANGLE   =      380.6582  DIHED      =     1459.5659
 VDWAALS =     4596.2413  EEL     =   -88917.4714  HBOND      =        0.0000
 1-4 VDW =      516.8629  1-4 EEL =    -2100.4297  RESTRAINT  =        0.0000


   NSTEP       ENERGY          RMS            GMAX         NAME    NUMBER
    600      -8.4000E+04     1.3935E+01     4.1661E+01     O       25415

 BOND    =       64.9715  ANGLE   =      380.6579  DIHED      =     1459.5659
 VDWAALS =     4596.2313  EEL     =   -88917.4567  HBOND      =        0.0000
 1-4 VDW =      516.8627  1-4 EEL =    -2100.4299  RESTRAINT  =        0.0000


   NSTEP       ENERGY          RMS            GMAX         NAME    NUMBER
    700      -8.4000E+04     1.3935E+01     4.1661E+01     O       25415

 BOND    =       64.9715  ANGLE   =      380.6577  DIHED      =     1459.5658
 VDWAALS =     4596.2209  EEL     =   -88917.4422  HBOND      =        0.0000
 1-4 VDW =      516.8624  1-4 EEL =    -2100.4306  RESTRAINT  =        0.0000


   NSTEP       ENERGY          RMS            GMAX         NAME    NUMBER
    800      -8.4000E+04     1.3935E+01     4.1661E+01     O       25415

 BOND    =       64.9716  ANGLE   =      380.6576  DIHED      =     1459.5657
 VDWAALS =     4596.2104  EEL     =   -88917.4280  HBOND      =        0.0000
 1-4 VDW =      516.8623  1-4 EEL =    -2100.4310  RESTRAINT  =        0.0000


   NSTEP       ENERGY          RMS            GMAX         NAME    NUMBER
    900      -8.4000E+04     1.3935E+01     4.1661E+01     O       25415

 BOND    =       64.9717  ANGLE   =      380.6574  DIHED      =     1459.5657
 VDWAALS =     4596.1999  EEL     =   -88917.4141  HBOND      =        0.0000
 1-4 VDW =      516.8621  1-4 EEL =    -2100.4316  RESTRAINT  =        0.0000


   NSTEP       ENERGY          RMS            GMAX         NAME    NUMBER
   1000      -8.4000E+04     1.3935E+01     4.1661E+01     O       25415

 BOND    =       64.9717  ANGLE   =      380.6572  DIHED      =     1459.5656
 VDWAALS =     4596.1900  EEL     =   -88917.3995  HBOND      =        0.0000
 1-4 VDW =      516.8618  1-4 EEL =    -2100.4324  RESTRAINT  =        0.0000


   NSTEP       ENERGY          RMS            GMAX         NAME    NUMBER
   1100      -8.4000E+04     1.3935E+01     4.1661E+01     O       25415

 BOND    =       64.9718  ANGLE   =      380.6570  DIHED      =     1459.5655
 VDWAALS =     4596.1796  EEL     =   -88917.3842  HBOND      =        0.0000
 1-4 VDW =      516.8616  1-4 EEL =    -2100.4329  RESTRAINT  =        0.0000


   NSTEP       ENERGY          RMS            GMAX         NAME    NUMBER
   1200      -8.4000E+04     1.3935E+01     4.1661E+01     O       25415

 BOND    =       64.9718  ANGLE   =      380.6568  DIHED      =     1459.5655
 VDWAALS =     4596.1693  EEL     =   -88917.3684  HBOND      =        0.0000
 1-4 VDW =      516.8615  1-4 EEL =    -2100.4334  RESTRAINT  =        0.0000


   NSTEP       ENERGY          RMS            GMAX         NAME    NUMBER
   1300      -8.4000E+04     1.3935E+01     4.1661E+01     O       25415

 BOND    =       64.9719  ANGLE   =      380.6566  DIHED      =     1459.5654
 VDWAALS =     4596.1590  EEL     =   -88917.3546  HBOND      =        0.0000
 1-4 VDW =      516.8613  1-4 EEL =    -2100.4337  RESTRAINT  =        0.0000


   NSTEP       ENERGY          RMS            GMAX         NAME    NUMBER
   1400      -8.4000E+04     1.3935E+01     4.1661E+01     O       25415

 BOND    =       64.9720  ANGLE   =      380.6563  DIHED      =     1459.5654
 VDWAALS =     4596.1484  EEL     =   -88917.3400  HBOND      =        0.0000
 1-4 VDW =      516.8611  1-4 EEL =    -2100.4342  RESTRAINT  =        0.0000


   NSTEP       ENERGY          RMS            GMAX         NAME    NUMBER
   1500      -8.4000E+04     1.3935E+01     4.1661E+01     O       25415

 BOND    =       64.9720  ANGLE   =      380.6562  DIHED      =     1459.5653
 VDWAALS =     4596.1381  EEL     =   -88917.3257  HBOND      =        0.0000
 1-4 VDW =      516.8608  1-4 EEL =    -2100.4345  RESTRAINT  =        0.0000


   NSTEP       ENERGY          RMS            GMAX         NAME    NUMBER
   1600      -8.4000E+04     1.3935E+01     4.1661E+01     O       25415

 BOND    =       64.9721  ANGLE   =      380.6560  DIHED      =     1459.5652
 VDWAALS =     4596.1278  EEL     =   -88917.3109  HBOND      =        0.0000
 1-4 VDW =      516.8606  1-4 EEL =    -2100.4353  RESTRAINT  =        0.0000


   NSTEP       ENERGY          RMS            GMAX         NAME    NUMBER
   1700      -8.4000E+04     1.3935E+01     4.1661E+01     O       25415

 BOND    =       64.9722  ANGLE   =      380.6558  DIHED      =     1459.5652
 VDWAALS =     4596.1182  EEL     =   -88917.2969  HBOND      =        0.0000
 1-4 VDW =      516.8604  1-4 EEL =    -2100.4358  RESTRAINT  =        0.0000


   NSTEP       ENERGY          RMS            GMAX         NAME    NUMBER
   1800      -8.4000E+04     1.3935E+01     4.1661E+01     O       25415

 BOND    =       64.9722  ANGLE   =      380.6556  DIHED      =     1459.5651
 VDWAALS =     4596.1078  EEL     =   -88917.2815  HBOND      =        0.0000
 1-4 VDW =      516.8603  1-4 EEL =    -2100.4364  RESTRAINT  =        0.0000


   NSTEP       ENERGY          RMS            GMAX         NAME    NUMBER
   1900      -8.4000E+04     1.3935E+01     4.1661E+01     O       25415

 BOND    =       64.9723  ANGLE   =      380.6554  DIHED      =     1459.5651
 VDWAALS =     4596.0967  EEL     =   -88917.2637  HBOND      =        0.0000
 1-4 VDW =      516.8601  1-4 EEL =    -2100.4369  RESTRAINT  =        0.0000


   NSTEP       ENERGY          RMS            GMAX         NAME    NUMBER
   2000      -8.4000E+04     1.3935E+01     4.1661E+01     O       25415

 BOND    =       64.9723  ANGLE   =      380.6552  DIHED      =     1459.5650
 VDWAALS =     4596.0871  EEL     =   -88917.2511  HBOND      =        0.0000
 1-4 VDW =      516.8599  1-4 EEL =    -2100.4375  RESTRAINT  =        0.0000

     ... RESTARTED DUE TO LINMIN FAILURE ...

     ... RESTARTED DUE TO LINMIN FAILURE ...

     ... RESTARTED DUE TO LINMIN FAILURE ...

     ... RESTARTED DUE TO LINMIN FAILURE ...


   NSTEP       ENERGY          RMS            GMAX         NAME    NUMBER
   2100      -8.4000E+04     1.3935E+01     4.1661E+01     O       25415

 BOND    =       64.9724  ANGLE   =      380.6552  DIHED      =     1459.5650
 VDWAALS =     4596.0841  EEL     =   -88917.2468  HBOND      =        0.0000
 1-4 VDW =      516.8598  1-4 EEL =    -2100.4376  RESTRAINT  =        0.0000

     ... RESTARTED DUE TO LINMIN FAILURE ...

     ***** REPEATED LINMIN FAILURE *****

     ***** SEE http://ambermd.org/Questions/linmin.html FOR MORE INFO *****


                    FINAL RESULTS



   NSTEP       ENERGY          RMS            GMAX         NAME    NUMBER
   2114      -8.4000E+04     1.3935E+01     4.1661E+01     O       25415

 BOND    =       64.9724  ANGLE   =      380.6552  DIHED      =     1459.5650
 VDWAALS =     4596.0837  EEL     =   -88917.2461  HBOND      =        0.0000
 1-4 VDW =      516.8598  1-4 EEL =    -2100.4377  RESTRAINT  =        0.0000

--------------------------------------------------------------------------------
   5.  TIMINGS
--------------------------------------------------------------------------------

|                Build the list             0.47 (53.78% of List )
|                Other                      0.40 (46.22% of List )
|             List time                  0.87 ( 0.08% of Nonbo)
|                   Short_ene time           970.88 (99.51% of Direc)
|                   Other                      4.81 ( 0.49% of Direc)
|                Direct Ewald time        975.68 (87.91% of Ewald)
|                Adjust Ewald time          5.23 ( 0.47% of Ewald)
|                   Fill Bspline coeffs        5.15 ( 4.03% of Recip)
|                   Fill charge grid          13.51 (10.58% of Recip)
|                   Scalar sum                31.37 (24.56% of Recip)
|                   Grad sum                  29.90 (23.41% of Recip)
|                   FFT time                  47.79 (37.41% of Recip)
|                   Other                      0.01 ( 0.01% of Recip)
|                Recip Ewald time         127.73 (11.51% of Ewald)
|                Virial junk                0.31 ( 0.03% of Ewald)
|                Other                      0.85 ( 0.08% of Ewald)
|             Ewald time              1109.82 (100.0% of Nonbo)
|          Nonbond force           1110.70 (99.16% of Force)
|          Bond/Angle/Dihedral        9.33 ( 0.83% of Force)
|          Other                      0.12 ( 0.01% of Force)
|       Force time              1120.15 (100.0% of Runmd)
|    Runmd Time              1120.15 (99.01% of Total)
|    Other                     11.24 ( 0.99% of Total)
| Total time              1131.40 (100.0% of ALL  )

| Number of list builds   :          1

| Highest rstack allocated:    1492692
| Highest istack allocated:      27694
|           Job began  at 23:14:12.468  on 03/06/2021
|           Setup done at 23:14:12.761  on 03/06/2021
|           Run   done at 23:33:03.868  on 03/06/2021
|     wallclock() was called   80382 times

|3D-RISM memory allocation summary
|Type          Maximum        Current   
|Integer       0.00000 GB     0.00000 GB
|Real          0.00000 GB     0.00000 GB
|Logical       0.00000 GB     0.00000 GB
|Character     0.00000 GB     0.00000 GB
|---------------------------------------
|Total         0.00000 GB     0.00000 GB
