Loading and checking parameter files for compatibility...
cpptraj found! Using /home/jiangyao/amber18/bin/cpptraj
sander found! Using /home/jiangyao/amber18/bin/sander
Preparing trajectories for simulation...
1 frames were processed by cpptraj for use in calculation.

Running calculations on normal system...

Beginning GB calculations with /home/jiangyao/amber18/bin/sander
  calculating complex contribution...
  calculating receptor contribution...
  calculating ligand contribution...

Timing:
Total setup time:                           0.669 sec.
Creating trajectories with cpptraj:         2.780 sec.
Total calculation time:                    18.088 sec.

Total GB calculation time:                 18.087 sec.

Statistics calculation & output writing:    3.071 sec.
Total time taken:                          24.660 sec.


MMPBSA.py Finished! Thank you for using. Please cite us if you publish this work with this paper:
   Miller III, B. R., McGee Jr., T. D., Swails, J. M. Homeyer, N. Gohlke, H. and Roitberg, A. E.
   J. Chem. Theory Comput., 2012, 8 (9) pp 3314--3321
