
          -------------------------------------------------------
          Amber 18 SANDER                              2018
          -------------------------------------------------------

| Run on 06/22/2021 at 14:43:27

|   Executable path: /home/yaojiang/amber18/bin/sander
| Working directory: /home/yaojiang/protein-RNA/1FEU_A.mut.D87E/energy_feature/GB2/wt
|          Hostname: localhost.localdomain

  [-O]verwriting output

File Assignments:
|  MDIN: min1.in                                                               
| MDOUT: min1.out                                                              
|INPCRD: com_solvated.inpcrd                                                   
|  PARM: com_solvated.prmtop                                                   
|RESTRT: min1.rst                                                              
|  REFC: com_solvated.inpcrd                                                   
| MDVEL: mdvel                                                                 
| MDFRC: mdfrc                                                                 
|  MDEN: mden                                                                  
| MDCRD: mdcrd                                                                 
|MDINFO: mdinfo                                                                
|  MTMD: mtmd                                                                  
|INPDIP: inpdip                                                                
|RSTDIP: rstdip                                                                
|INPTRA: inptraj                                                               


 Here is the input file:

minimise                                                                       
&cntrl                                                                         
  imin = 1, maxcyc = 5000, ncyc = 2000,                                        
  cut = 10.0, ntb = 1,                                                         
  ntc = 2, ntf = 2,                                                            
  ntpr = 100, ntwx = 0,                                                        
  ntr = 1, restraint_wt = 50, restraintmask = '@CA,C,O,N',                     
/                                                                              

--------------------------------------------------------------------------------
   1.  RESOURCE   USE: 
--------------------------------------------------------------------------------

| Flags:                                                                        
 getting new box info from bottom of inpcrd
|  INFO: Old style inpcrd file read

| peek_ewald_inpcrd: Box info found
|Largest sphere to fit in unit cell has radius =    41.759
| New format PARM file being parsed.
| Version =    1.000 Date = 06/22/21 Time = 14:43:27
 NATOM  =   68179 NTYPES =      20 NBONH =   64900 MBONA  =    3437
 NTHETH =    5439 MTHETA =    5054 NPHIH =   11284 MPHIA  =   12239
 NHPARM =       0 NPARM  =       0 NNB   =  114518 NRES   =   21185
 NBONA  =    3437 NTHETA =    5054 NPHIA =   12239 NUMBND =      97
 NUMANG =     220 NPTRA  =     209 NATYP =      43 NPHB   =       1
 IFBOX  =       1 NMXRS  =      34 IFCAP =       0 NEXTRA =       0
 NCOPY  =       0


|     Memory Use     Allocated
|     Real             5679257
|     Hollerith         225724
|     Integer          2711594
|     Max Pairs       39271104
|     nblistReal        818148
|     nblist Int       2704897
|       Total           226203 kbytes

| Note: 1-4 EEL scale factors are being read from the topology file.

| Note: 1-4 VDW scale factors are being read from the topology file.
| Duplicated    0 dihedrals
| Duplicated    0 dihedrals

     BOX TYPE: RECTILINEAR

--------------------------------------------------------------------------------
   2.  CONTROL  DATA  FOR  THE  RUN
--------------------------------------------------------------------------------

default_name                                                                    

General flags:
     imin    =       1, nmropt  =       0

Nature and format of input:
     ntx     =       1, irest   =       0, ntrx    =       1

Nature and format of output:
     ntxo    =       2, ntpr    =     100, ntrx    =       1, ntwr    =       1
     iwrap   =       0, ntwx    =       0, ntwv    =       0, ntwe    =       0
     ioutfm  =       1, ntwprt  =       0, idecomp =       0, rbornstat=      0

Potential function:
     ntf     =       2, ntb     =       1, igb     =       0, nsnb    =      25
     ipol    =       0, gbsa    =       0, iesp    =       0
     dielc   =   1.00000, cut     =  10.00000, intdiel =   1.00000

Frozen or restrained atoms:
     ibelly  =       0, ntr     =       1
     restraint_wt =  50.00000

Energy minimization:
     maxcyc  =    5000, ncyc    =    2000, ntmin   =       1
     dx0     =   0.01000, drms    =   0.00010

SHAKE:
     ntc     =       2, jfastw  =       0
     tol     =   0.00001

Ewald parameters:
     verbose =       0, ew_type =       0, nbflag  =       1, use_pme =       1
     vdwmeth =       1, eedmeth =       1, netfrc  =       0
     Box X =   97.350   Box Y =   83.518   Box Z =  102.030
     Alpha =   90.000   Beta  =   90.000   Gamma =   90.000
     NFFT1 =  100       NFFT2 =   90       NFFT3 =  108
     Cutoff=   10.000   Tol   =0.100E-04
     Ewald Coefficient =  0.27511
     Interpolation order =    4

    LOADING THE CONSTRAINED ATOMS AS GROUPS


   5.  REFERENCE ATOM COORDINATES

  defa
     Mask @CA,C,O,N; matches 21580 atoms

--------------------------------------------------------------------------------
   3.  ATOMIC COORDINATES AND VELOCITIES
--------------------------------------------------------------------------------

default_name                                                                    
 begin time read from input coords =     0.000 ps

 Number of triangulated 3-point waters found:    20840

     Sum of charges from parm topology file =  -0.00000011
     Forcing neutrality...

--------------------------------------------------------------------------------
   4.  RESULTS
--------------------------------------------------------------------------------

 ---------------------------------------------------
 APPROXIMATING switch and d/dx switch using CUBIC SPLINE INTERPOLATION
 using   5000.0 points per unit in tabled values
 TESTING RELATIVE ERROR over r ranging from 0.0 to cutoff
| CHECK switch(x): max rel err =   0.2738E-14   at   2.422500
| CHECK d/dx switch(x): max rel err =   0.8314E-11   at   2.736960
 ---------------------------------------------------
| Local SIZE OF NONBOND LIST =   20675207
| TOTAL SIZE OF NONBOND LIST =   20675207


   NSTEP       ENERGY          RMS            GMAX         NAME    NUMBER
      1      -2.0106E+05     1.6257E+01     3.6533E+02     HB       5416

 BOND    =      160.7080  ANGLE   =     3392.0964  DIHED      =     3741.9898
 VDWAALS =    19336.8275  EEL     =  -228139.6780  HBOND      =        0.0000
 1-4 VDW =     2476.5968  1-4 EEL =    -2027.2129  RESTRAINT  =        0.0005
 EAMBER  =  -201058.6724


   NSTEP       ENERGY          RMS            GMAX         NAME    NUMBER
    100      -2.0647E+05     1.2598E+01     5.0842E+01     H3'       993

 BOND    =      158.8691  ANGLE   =     1285.0376  DIHED      =     3727.2824
 VDWAALS =    15053.9523  EEL     =  -230639.9590  HBOND      =        0.0000
 1-4 VDW =     1597.6807  1-4 EEL =    -2425.0476  RESTRAINT  =     4769.4810
 EAMBER  =  -211242.1846


   NSTEP       ENERGY          RMS            GMAX         NAME    NUMBER
    200      -2.0647E+05     1.2598E+01     5.0841E+01     H3'       993

 BOND    =      158.8686  ANGLE   =     1285.0304  DIHED      =     3727.2824
 VDWAALS =    15053.9161  EEL     =  -230639.9851  HBOND      =        0.0000
 1-4 VDW =     1597.6777  1-4 EEL =    -2425.0517  RESTRAINT  =     4769.6050
 EAMBER  =  -211242.2616


   NSTEP       ENERGY          RMS            GMAX         NAME    NUMBER
    300      -2.0647E+05     1.2598E+01     5.0840E+01     H3'       993

 BOND    =      158.8680  ANGLE   =     1285.0229  DIHED      =     3727.2824
 VDWAALS =    15053.8817  EEL     =  -230640.0130  HBOND      =        0.0000
 1-4 VDW =     1597.6746  1-4 EEL =    -2425.0559  RESTRAINT  =     4769.7357
 EAMBER  =  -211242.3393


   NSTEP       ENERGY          RMS            GMAX         NAME    NUMBER
    400      -2.0647E+05     1.2598E+01     5.0840E+01     H3'       993

 BOND    =      158.8675  ANGLE   =     1285.0156  DIHED      =     3727.2824
 VDWAALS =    15053.8477  EEL     =  -230640.0404  HBOND      =        0.0000
 1-4 VDW =     1597.6715  1-4 EEL =    -2425.0597  RESTRAINT  =     4769.8620
 EAMBER  =  -211242.4154


   NSTEP       ENERGY          RMS            GMAX         NAME    NUMBER
    500      -2.0647E+05     1.2598E+01     5.0840E+01     H3'       993

 BOND    =      158.8671  ANGLE   =     1285.0083  DIHED      =     3727.2824
 VDWAALS =    15053.8143  EEL     =  -230640.0647  HBOND      =        0.0000
 1-4 VDW =     1597.6685  1-4 EEL =    -2425.0633  RESTRAINT  =     4769.9860
 EAMBER  =  -211242.4874


   NSTEP       ENERGY          RMS            GMAX         NAME    NUMBER
    600      -2.0647E+05     1.2598E+01     5.0839E+01     H3'       993

 BOND    =      158.8665  ANGLE   =     1285.0012  DIHED      =     3727.2824
 VDWAALS =    15053.7816  EEL     =  -230640.0904  HBOND      =        0.0000
 1-4 VDW =     1597.6655  1-4 EEL =    -2425.0672  RESTRAINT  =     4770.1100
 EAMBER  =  -211242.5604


   NSTEP       ENERGY          RMS            GMAX         NAME    NUMBER
    700      -2.0647E+05     1.2598E+01     5.0839E+01     H3'       993

 BOND    =      158.8661  ANGLE   =     1284.9940  DIHED      =     3727.2824
 VDWAALS =    15053.7470  EEL     =  -230640.1174  HBOND      =        0.0000
 1-4 VDW =     1597.6625  1-4 EEL =    -2425.0703  RESTRAINT  =     4770.2340
 EAMBER  =  -211242.6357


   NSTEP       ENERGY          RMS            GMAX         NAME    NUMBER
    800      -2.0647E+05     1.2598E+01     5.0838E+01     H3'       993

 BOND    =      158.8655  ANGLE   =     1284.9868  DIHED      =     3727.2824
 VDWAALS =    15053.7145  EEL     =  -230640.1417  HBOND      =        0.0000
 1-4 VDW =     1597.6595  1-4 EEL =    -2425.0738  RESTRAINT  =     4770.3580
 EAMBER  =  -211242.7068


   NSTEP       ENERGY          RMS            GMAX         NAME    NUMBER
    900      -2.0647E+05     1.2598E+01     5.0837E+01     H3'       993

 BOND    =      158.8651  ANGLE   =     1284.9796  DIHED      =     3727.2823
 VDWAALS =    15053.6818  EEL     =  -230640.1666  HBOND      =        0.0000
 1-4 VDW =     1597.6564  1-4 EEL =    -2425.0773  RESTRAINT  =     4770.4820
 EAMBER  =  -211242.7787


   NSTEP       ENERGY          RMS            GMAX         NAME    NUMBER
   1000      -2.0647E+05     1.2598E+01     5.0837E+01     H3'       993

 BOND    =      158.8646  ANGLE   =     1284.9724  DIHED      =     3727.2823
 VDWAALS =    15053.6494  EEL     =  -230640.1902  HBOND      =        0.0000
 1-4 VDW =     1597.6534  1-4 EEL =    -2425.0811  RESTRAINT  =     4770.6060
 EAMBER  =  -211242.8493


   NSTEP       ENERGY          RMS            GMAX         NAME    NUMBER
   1100      -2.0647E+05     1.2598E+01     5.0836E+01     H3'       993

 BOND    =      158.8641  ANGLE   =     1284.9652  DIHED      =     3727.2823
 VDWAALS =    15053.6155  EEL     =  -230640.2167  HBOND      =        0.0000
 1-4 VDW =     1597.6504  1-4 EEL =    -2425.0846  RESTRAINT  =     4770.7300
 EAMBER  =  -211242.9239


   NSTEP       ENERGY          RMS            GMAX         NAME    NUMBER
   1200      -2.0647E+05     1.2598E+01     5.0836E+01     H3'       993

 BOND    =      158.8636  ANGLE   =     1284.9580  DIHED      =     3727.2823
 VDWAALS =    15053.5820  EEL     =  -230640.2416  HBOND      =        0.0000
 1-4 VDW =     1597.6474  1-4 EEL =    -2425.0884  RESTRAINT  =     4770.8540
 EAMBER  =  -211242.9966


   NSTEP       ENERGY          RMS            GMAX         NAME    NUMBER
   1300      -2.0647E+05     1.2598E+01     5.0835E+01     H3'       993

 BOND    =      158.8631  ANGLE   =     1284.9509  DIHED      =     3727.2823
 VDWAALS =    15053.5477  EEL     =  -230640.2670  HBOND      =        0.0000
 1-4 VDW =     1597.6444  1-4 EEL =    -2425.0924  RESTRAINT  =     4770.9780
 EAMBER  =  -211243.0710


   NSTEP       ENERGY          RMS            GMAX         NAME    NUMBER
   1400      -2.0647E+05     1.2598E+01     5.0835E+01     H3'       993

 BOND    =      158.8626  ANGLE   =     1284.9437  DIHED      =     3727.2823
 VDWAALS =    15053.5151  EEL     =  -230640.2916  HBOND      =        0.0000
 1-4 VDW =     1597.6413  1-4 EEL =    -2425.0959  RESTRAINT  =     4771.1020
 EAMBER  =  -211243.1424


   NSTEP       ENERGY          RMS            GMAX         NAME    NUMBER
   1500      -2.0647E+05     1.2598E+01     5.0834E+01     H3'       993

 BOND    =      158.8622  ANGLE   =     1284.9365  DIHED      =     3727.2823
 VDWAALS =    15053.4821  EEL     =  -230640.3150  HBOND      =        0.0000
 1-4 VDW =     1597.6383  1-4 EEL =    -2425.0986  RESTRAINT  =     4771.2260
 EAMBER  =  -211243.2122


   NSTEP       ENERGY          RMS            GMAX         NAME    NUMBER
   1600      -2.0647E+05     1.2598E+01     5.0834E+01     H3'       993

 BOND    =      158.8617  ANGLE   =     1284.9293  DIHED      =     3727.2823
 VDWAALS =    15053.4486  EEL     =  -230640.3379  HBOND      =        0.0000
 1-4 VDW =     1597.6353  1-4 EEL =    -2425.1026  RESTRAINT  =     4771.3500
 EAMBER  =  -211243.2834


   NSTEP       ENERGY          RMS            GMAX         NAME    NUMBER
   1700      -2.0647E+05     1.2598E+01     5.0833E+01     H3'       993

 BOND    =      158.8612  ANGLE   =     1284.9219  DIHED      =     3727.2822
 VDWAALS =    15053.4150  EEL     =  -230640.3636  HBOND      =        0.0000
 1-4 VDW =     1597.6321  1-4 EEL =    -2425.1062  RESTRAINT  =     4771.4787
 EAMBER  =  -211243.3575


   NSTEP       ENERGY          RMS            GMAX         NAME    NUMBER
   1800      -2.0647E+05     1.2597E+01     5.0833E+01     H3'       993

 BOND    =      158.8607  ANGLE   =     1284.9146  DIHED      =     3727.2822
 VDWAALS =    15053.3812  EEL     =  -230640.3894  HBOND      =        0.0000
 1-4 VDW =     1597.6290  1-4 EEL =    -2425.1096  RESTRAINT  =     4771.6042
 EAMBER  =  -211243.4312


   NSTEP       ENERGY          RMS            GMAX         NAME    NUMBER
   1900      -2.0647E+05     1.2597E+01     5.0833E+01     H3'       993

 BOND    =      158.8602  ANGLE   =     1284.9072  DIHED      =     3727.2822
 VDWAALS =    15053.3469  EEL     =  -230640.4146  HBOND      =        0.0000
 1-4 VDW =     1597.6259  1-4 EEL =    -2425.1129  RESTRAINT  =     4771.7311
 EAMBER  =  -211243.5051


   NSTEP       ENERGY          RMS            GMAX         NAME    NUMBER
   2000      -2.0647E+05     1.2597E+01     5.0832E+01     H3'       993

 BOND    =      158.8597  ANGLE   =     1284.9000  DIHED      =     3727.2822
 VDWAALS =    15053.3145  EEL     =  -230640.4435  HBOND      =        0.0000
 1-4 VDW =     1597.6228  1-4 EEL =    -2425.1163  RESTRAINT  =     4771.8566
 EAMBER  =  -211243.5806

     ... RESTARTED DUE TO LINMIN FAILURE ...

     ... RESTARTED DUE TO LINMIN FAILURE ...

     ... RESTARTED DUE TO LINMIN FAILURE ...

     ... RESTARTED DUE TO LINMIN FAILURE ...


   NSTEP       ENERGY          RMS            GMAX         NAME    NUMBER
   2100      -2.0647E+05     1.2597E+01     5.0832E+01     H3'       993

 BOND    =      158.8596  ANGLE   =     1284.8977  DIHED      =     3727.2822
 VDWAALS =    15053.3040  EEL     =  -230640.4523  HBOND      =        0.0000
 1-4 VDW =     1597.6218  1-4 EEL =    -2425.1174  RESTRAINT  =     4771.8956
 EAMBER  =  -211243.6044

     ... RESTARTED DUE TO LINMIN FAILURE ...

     ***** REPEATED LINMIN FAILURE *****

     ***** SEE http://ambermd.org/Questions/linmin.html FOR MORE INFO *****


                    FINAL RESULTS



   NSTEP       ENERGY          RMS            GMAX         NAME    NUMBER
   2114      -2.0647E+05     1.2597E+01     5.0832E+01     H3'       993

 BOND    =      158.8596  ANGLE   =     1284.8974  DIHED      =     3727.2822
 VDWAALS =    15053.3027  EEL     =  -230640.4532  HBOND      =        0.0000
 1-4 VDW =     1597.6217  1-4 EEL =    -2425.1175  RESTRAINT  =     4771.9006
 EAMBER  =  -211243.6071

--------------------------------------------------------------------------------
   5.  TIMINGS
--------------------------------------------------------------------------------

|                Build the list             0.70 (59.98% of List )
|                Other                      0.46 (40.02% of List )
|             List time                  1.16 ( 0.08% of Nonbo)
|                   Short_ene time          1289.74 (99.32% of Direc)
|                   Other                      8.80 ( 0.68% of Direc)
|                Direct Ewald time       1298.53 (85.85% of Ewald)
|                Adjust Ewald time          6.68 ( 0.44% of Ewald)
|                   Fill Bspline coeffs        8.04 ( 3.91% of Recip)
|                   Fill charge grid          24.35 (11.83% of Recip)
|                   Scalar sum                48.27 (23.45% of Recip)
|                   Grad sum                  43.91 (21.33% of Recip)
|                   FFT time                  81.27 (39.48% of Recip)
|                Recip Ewald time         205.84 (13.61% of Ewald)
|                Virial junk                0.46 ( 0.03% of Ewald)
|                Other                      1.09 ( 0.07% of Ewald)
|             Ewald time              1512.61 (100.0% of Nonbo)
|          Nonbond force           1513.77 (99.06% of Force)
|          Bond/Angle/Dihedral       13.44 ( 0.88% of Force)
|          Other                      0.90 ( 0.06% of Force)
|       Force time              1528.10 (100.0% of Runmd)
|    Runmd Time              1528.10 (98.96% of Total)
|    Other                     16.06 ( 1.04% of Total)
| Total time              1544.22 (100.0% of ALL  )

| Number of list builds   :          1

| Highest rstack allocated:    3895019
| Highest istack allocated:      68179
|           Job began  at 14:43:27.721  on 06/22/2021
|           Setup done at 14:43:28.638  on 06/22/2021
|           Run   done at 15:09:11.943  on 06/22/2021
|     wallclock() was called   80382 times

|3D-RISM memory allocation summary
|Type          Maximum        Current   
|Integer       0.00000 GB     0.00000 GB
|Real          0.00000 GB     0.00000 GB
|Logical       0.00000 GB     0.00000 GB
|Character     0.00000 GB     0.00000 GB
|---------------------------------------
|Total         0.00000 GB     0.00000 GB
