
          -------------------------------------------------------
          Amber 18 SANDER                              2018
          -------------------------------------------------------

| Run on 03/30/2021 at 11:36:28

|   Executable path: /home/jiangyao/amber18/bin/sander
| Working directory: /home/jiangyao/PEMPNI/output/energy_feature/GB2/wt
|          Hostname: localhost.localdomain

  [-O]verwriting output

File Assignments:
|  MDIN: min3.in                                                               
| MDOUT: min3.out                                                              
|INPCRD: min2.rst                                                              
|  PARM: com_solvated.prmtop                                                   
|RESTRT: min3.rst                                                              
|  REFC: min2.rst                                                              
| MDVEL: mdvel                                                                 
| MDFRC: mdfrc                                                                 
|  MDEN: mden                                                                  
| MDCRD: min3.mdcrd                                                            
|MDINFO: mdinfo                                                                
|  MTMD: mtmd                                                                  
|INPDIP: inpdip                                                                
|RSTDIP: rstdip                                                                
|INPTRA: inptraj                                                               


 Here is the input file:

minimise                                                                       
&cntrl                                                                         
  imin=1,maxcyc=5000,ncyc=2000,                                                
  cut=10.0,ntb=1,                                                              
  ntc=2,ntf=2,                                                                 
  ntpr=100, ntwx = 100                                                         
/                                                                              

--------------------------------------------------------------------------------
   1.  RESOURCE   USE: 
--------------------------------------------------------------------------------

| Flags:                                                                        
 getting box info from netcdf restart file
| NetCDF restart box info found
|Largest sphere to fit in unit cell has radius =    41.759
| New format PARM file being parsed.
| Version =    1.000 Date = 03/30/21 Time = 09:58:07
 NATOM  =   68179 NTYPES =      20 NBONH =   64900 MBONA  =    3437
 NTHETH =    5439 MTHETA =    5054 NPHIH =   11284 MPHIA  =   12239
 NHPARM =       0 NPARM  =       0 NNB   =  114518 NRES   =   21185
 NBONA  =    3437 NTHETA =    5054 NPHIA =   12239 NUMBND =      97
 NUMANG =     220 NPTRA  =     209 NATYP =      43 NPHB   =       1
 IFBOX  =       1 NMXRS  =      34 IFCAP =       0 NEXTRA =       0
 NCOPY  =       0


|     Memory Use     Allocated
|     Real             5406491
|     Hollerith         225724
|     Integer          2711594
|     Max Pairs       39271104
|     nblistReal        818148
|     nblist Int       2704897
|       Total           224072 kbytes

| Note: 1-4 EEL scale factors are being read from the topology file.

| Note: 1-4 VDW scale factors are being read from the topology file.
| Duplicated    0 dihedrals
| Duplicated    0 dihedrals

     BOX TYPE: RECTILINEAR

--------------------------------------------------------------------------------
   2.  CONTROL  DATA  FOR  THE  RUN
--------------------------------------------------------------------------------

default_name                                                                    

General flags:
     imin    =       1, nmropt  =       0

Nature and format of input:
     ntx     =       1, irest   =       0, ntrx    =       1

Nature and format of output:
     ntxo    =       2, ntpr    =     100, ntrx    =       1, ntwr    =       1
     iwrap   =       0, ntwx    =     100, ntwv    =       0, ntwe    =       0
     ioutfm  =       1, ntwprt  =       0, idecomp =       0, rbornstat=      0

Potential function:
     ntf     =       2, ntb     =       1, igb     =       0, nsnb    =      25
     ipol    =       0, gbsa    =       0, iesp    =       0
     dielc   =   1.00000, cut     =  10.00000, intdiel =   1.00000

Frozen or restrained atoms:
     ibelly  =       0, ntr     =       0

Energy minimization:
     maxcyc  =    5000, ncyc    =    2000, ntmin   =       1
     dx0     =   0.01000, drms    =   0.00010

SHAKE:
     ntc     =       2, jfastw  =       0
     tol     =   0.00001

Ewald parameters:
     verbose =       0, ew_type =       0, nbflag  =       1, use_pme =       1
     vdwmeth =       1, eedmeth =       1, netfrc  =       0
     Box X =   97.350   Box Y =   83.518   Box Z =  102.030
     Alpha =   90.000   Beta  =   90.000   Gamma =   90.000
     NFFT1 =  100       NFFT2 =   90       NFFT3 =  108
     Cutoff=   10.000   Tol   =0.100E-04
     Ewald Coefficient =  0.27511
     Interpolation order =    4
|  INFO: Old style inpcrd file read


--------------------------------------------------------------------------------
   3.  ATOMIC COORDINATES AND VELOCITIES
--------------------------------------------------------------------------------

default_name                                                                    
 begin time read from input coords =     0.000 ps

 Number of triangulated 3-point waters found:    20840

     Sum of charges from parm topology file =  -0.00000011
     Forcing neutrality...

--------------------------------------------------------------------------------
   4.  RESULTS
--------------------------------------------------------------------------------

 ---------------------------------------------------
 APPROXIMATING switch and d/dx switch using CUBIC SPLINE INTERPOLATION
 using   5000.0 points per unit in tabled values
 TESTING RELATIVE ERROR over r ranging from 0.0 to cutoff
| CHECK switch(x): max rel err =   0.2738E-14   at   2.422500
| CHECK d/dx switch(x): max rel err =   0.8314E-11   at   2.736960
 ---------------------------------------------------
| Local SIZE OF NONBOND LIST =   20672696
| TOTAL SIZE OF NONBOND LIST =   20672696


   NSTEP       ENERGY          RMS            GMAX         NAME    NUMBER
      1      -2.1481E+05     1.4204E+01     4.8653E+01     O       39254

 BOND    =      146.8998  ANGLE   =     1010.2224  DIHED      =     3729.8046
 VDWAALS =    12600.2876  EEL     =  -231137.4136  HBOND      =        0.0000
 1-4 VDW =     1463.1451  1-4 EEL =    -2621.2769  RESTRAINT  =        0.0000


   NSTEP       ENERGY          RMS            GMAX         NAME    NUMBER
    100      -2.1525E+05     1.4066E+01     4.5498E+01     O       39254

 BOND    =      150.8215  ANGLE   =      944.0830  DIHED      =     3729.5938
 VDWAALS =    11309.5174  EEL     =  -230091.0978  HBOND      =        0.0000
 1-4 VDW =     1415.8426  1-4 EEL =    -2709.9853  RESTRAINT  =        0.0000


   NSTEP       ENERGY          RMS            GMAX         NAME    NUMBER
    200      -2.1525E+05     1.4066E+01     4.5498E+01     O       39254

 BOND    =      150.8216  ANGLE   =      944.0825  DIHED      =     3729.5938
 VDWAALS =    11309.5007  EEL     =  -230091.0770  HBOND      =        0.0000
 1-4 VDW =     1415.8421  1-4 EEL =    -2709.9868  RESTRAINT  =        0.0000


   NSTEP       ENERGY          RMS            GMAX         NAME    NUMBER
    300      -2.1525E+05     1.4066E+01     4.5498E+01     O       39254

 BOND    =      150.8216  ANGLE   =      944.0820  DIHED      =     3729.5937
 VDWAALS =    11309.4837  EEL     =  -230091.0523  HBOND      =        0.0000
 1-4 VDW =     1415.8417  1-4 EEL =    -2709.9883  RESTRAINT  =        0.0000


   NSTEP       ENERGY          RMS            GMAX         NAME    NUMBER
    400      -2.1525E+05     1.4066E+01     4.5498E+01     O       39254

 BOND    =      150.8217  ANGLE   =      944.0815  DIHED      =     3729.5937
 VDWAALS =    11309.4670  EEL     =  -230091.0300  HBOND      =        0.0000
 1-4 VDW =     1415.8412  1-4 EEL =    -2709.9896  RESTRAINT  =        0.0000


   NSTEP       ENERGY          RMS            GMAX         NAME    NUMBER
    500      -2.1525E+05     1.4066E+01     4.5498E+01     O       39254

 BOND    =      150.8219  ANGLE   =      944.0809  DIHED      =     3729.5937
 VDWAALS =    11309.4514  EEL     =  -230091.0090  HBOND      =        0.0000
 1-4 VDW =     1415.8407  1-4 EEL =    -2709.9904  RESTRAINT  =        0.0000


   NSTEP       ENERGY          RMS            GMAX         NAME    NUMBER
    600      -2.1525E+05     1.4066E+01     4.5498E+01     O       39254

 BOND    =      150.8219  ANGLE   =      944.0804  DIHED      =     3729.5937
 VDWAALS =    11309.4359  EEL     =  -230090.9855  HBOND      =        0.0000
 1-4 VDW =     1415.8402  1-4 EEL =    -2709.9918  RESTRAINT  =        0.0000


   NSTEP       ENERGY          RMS            GMAX         NAME    NUMBER
    700      -2.1525E+05     1.4066E+01     4.5498E+01     O       39254

 BOND    =      150.8220  ANGLE   =      944.0798  DIHED      =     3729.5937
 VDWAALS =    11309.4194  EEL     =  -230090.9647  HBOND      =        0.0000
 1-4 VDW =     1415.8397  1-4 EEL =    -2709.9926  RESTRAINT  =        0.0000


   NSTEP       ENERGY          RMS            GMAX         NAME    NUMBER
    800      -2.1525E+05     1.4066E+01     4.5498E+01     O       39254

 BOND    =      150.8221  ANGLE   =      944.0792  DIHED      =     3729.5937
 VDWAALS =    11309.4035  EEL     =  -230090.9399  HBOND      =        0.0000
 1-4 VDW =     1415.8392  1-4 EEL =    -2709.9940  RESTRAINT  =        0.0000


   NSTEP       ENERGY          RMS            GMAX         NAME    NUMBER
    900      -2.1525E+05     1.4066E+01     4.5498E+01     O       39254

 BOND    =      150.8222  ANGLE   =      944.0787  DIHED      =     3729.5937
 VDWAALS =    11309.3890  EEL     =  -230090.9145  HBOND      =        0.0000
 1-4 VDW =     1415.8387  1-4 EEL =    -2709.9949  RESTRAINT  =        0.0000


   NSTEP       ENERGY          RMS            GMAX         NAME    NUMBER
   1000      -2.1525E+05     1.4066E+01     4.5498E+01     O       39254

 BOND    =      150.8223  ANGLE   =      944.0781  DIHED      =     3729.5937
 VDWAALS =    11309.3731  EEL     =  -230090.8917  HBOND      =        0.0000
 1-4 VDW =     1415.8382  1-4 EEL =    -2709.9961  RESTRAINT  =        0.0000


   NSTEP       ENERGY          RMS            GMAX         NAME    NUMBER
   1100      -2.1525E+05     1.4066E+01     4.5498E+01     O       39254

 BOND    =      150.8224  ANGLE   =      944.0775  DIHED      =     3729.5937
 VDWAALS =    11309.3553  EEL     =  -230090.8714  HBOND      =        0.0000
 1-4 VDW =     1415.8377  1-4 EEL =    -2709.9971  RESTRAINT  =        0.0000


   NSTEP       ENERGY          RMS            GMAX         NAME    NUMBER
   1200      -2.1525E+05     1.4066E+01     4.5497E+01     O       39254

 BOND    =      150.8225  ANGLE   =      944.0770  DIHED      =     3729.5937
 VDWAALS =    11309.3399  EEL     =  -230090.8488  HBOND      =        0.0000
 1-4 VDW =     1415.8372  1-4 EEL =    -2709.9980  RESTRAINT  =        0.0000


   NSTEP       ENERGY          RMS            GMAX         NAME    NUMBER
   1300      -2.1525E+05     1.4066E+01     4.5497E+01     O       39254

 BOND    =      150.8226  ANGLE   =      944.0765  DIHED      =     3729.5937
 VDWAALS =    11309.3240  EEL     =  -230090.8283  HBOND      =        0.0000
 1-4 VDW =     1415.8367  1-4 EEL =    -2709.9989  RESTRAINT  =        0.0000


   NSTEP       ENERGY          RMS            GMAX         NAME    NUMBER
   1400      -2.1525E+05     1.4066E+01     4.5497E+01     O       39254

 BOND    =      150.8227  ANGLE   =      944.0759  DIHED      =     3729.5937
 VDWAALS =    11309.3084  EEL     =  -230090.8060  HBOND      =        0.0000
 1-4 VDW =     1415.8362  1-4 EEL =    -2710.0000  RESTRAINT  =        0.0000


   NSTEP       ENERGY          RMS            GMAX         NAME    NUMBER
   1500      -2.1525E+05     1.4066E+01     4.5497E+01     O       39254

 BOND    =      150.8227  ANGLE   =      944.0754  DIHED      =     3729.5937
 VDWAALS =    11309.2932  EEL     =  -230090.7831  HBOND      =        0.0000
 1-4 VDW =     1415.8357  1-4 EEL =    -2710.0011  RESTRAINT  =        0.0000


   NSTEP       ENERGY          RMS            GMAX         NAME    NUMBER
   1600      -2.1525E+05     1.4066E+01     4.5497E+01     O       39254

 BOND    =      150.8228  ANGLE   =      944.0749  DIHED      =     3729.5936
 VDWAALS =    11309.2775  EEL     =  -230090.7621  HBOND      =        0.0000
 1-4 VDW =     1415.8352  1-4 EEL =    -2710.0021  RESTRAINT  =        0.0000


   NSTEP       ENERGY          RMS            GMAX         NAME    NUMBER
   1700      -2.1525E+05     1.4066E+01     4.5497E+01     O       39254

 BOND    =      150.8229  ANGLE   =      944.0743  DIHED      =     3729.5936
 VDWAALS =    11309.2621  EEL     =  -230090.7379  HBOND      =        0.0000
 1-4 VDW =     1415.8347  1-4 EEL =    -2710.0028  RESTRAINT  =        0.0000


   NSTEP       ENERGY          RMS            GMAX         NAME    NUMBER
   1800      -2.1525E+05     1.4066E+01     4.5497E+01     O       39254

 BOND    =      150.8230  ANGLE   =      944.0738  DIHED      =     3729.5936
 VDWAALS =    11309.2472  EEL     =  -230090.7163  HBOND      =        0.0000
 1-4 VDW =     1415.8341  1-4 EEL =    -2710.0034  RESTRAINT  =        0.0000


   NSTEP       ENERGY          RMS            GMAX         NAME    NUMBER
   1900      -2.1525E+05     1.4066E+01     4.5497E+01     O       39254

 BOND    =      150.8231  ANGLE   =      944.0732  DIHED      =     3729.5936
 VDWAALS =    11309.2319  EEL     =  -230090.6943  HBOND      =        0.0000
 1-4 VDW =     1415.8336  1-4 EEL =    -2710.0041  RESTRAINT  =        0.0000


   NSTEP       ENERGY          RMS            GMAX         NAME    NUMBER
   2000      -2.1525E+05     1.4066E+01     4.5497E+01     O       39254

 BOND    =      150.8232  ANGLE   =      944.0726  DIHED      =     3729.5936
 VDWAALS =    11309.2165  EEL     =  -230090.6745  HBOND      =        0.0000
 1-4 VDW =     1415.8330  1-4 EEL =    -2710.0050  RESTRAINT  =        0.0000

     ... RESTARTED DUE TO LINMIN FAILURE ...

     ... RESTARTED DUE TO LINMIN FAILURE ...

     ... RESTARTED DUE TO LINMIN FAILURE ...

     ... RESTARTED DUE TO LINMIN FAILURE ...


   NSTEP       ENERGY          RMS            GMAX         NAME    NUMBER
   2100      -2.1525E+05     1.4066E+01     4.5497E+01     O       39254

 BOND    =      150.8233  ANGLE   =      944.0724  DIHED      =     3729.5936
 VDWAALS =    11309.2099  EEL     =  -230090.6656  HBOND      =        0.0000
 1-4 VDW =     1415.8328  1-4 EEL =    -2710.0056  RESTRAINT  =        0.0000

     ... RESTARTED DUE TO LINMIN FAILURE ...

     ***** REPEATED LINMIN FAILURE *****

     ***** SEE http://ambermd.org/Questions/linmin.html FOR MORE INFO *****


                    FINAL RESULTS



   NSTEP       ENERGY          RMS            GMAX         NAME    NUMBER
   2139      -2.1525E+05     1.4066E+01     4.5497E+01     O       39254

 BOND    =      150.8233  ANGLE   =      944.0724  DIHED      =     3729.5936
 VDWAALS =    11309.2086  EEL     =  -230090.6639  HBOND      =        0.0000
 1-4 VDW =     1415.8327  1-4 EEL =    -2710.0057  RESTRAINT  =        0.0000

--------------------------------------------------------------------------------
   5.  TIMINGS
--------------------------------------------------------------------------------

|                Build the list             1.21 (55.83% of List )
|                Other                      0.96 (44.17% of List )
|             List time                  2.17 ( 0.07% of Nonbo)
|                   Short_ene time          2508.41 (99.52% of Direc)
|                   Other                     12.22 ( 0.48% of Direc)
|                Direct Ewald time       2520.64 (86.57% of Ewald)
|                Adjust Ewald time         13.30 ( 0.46% of Ewald)
|                   Fill Bspline coeffs       12.00 ( 3.20% of Recip)
|                   Fill charge grid          38.87 (10.38% of Recip)
|                   Scalar sum                88.78 (23.70% of Recip)
|                   Grad sum                  86.85 (23.19% of Recip)
|                   FFT time                 148.03 (39.52% of Recip)
|                Recip Ewald time         374.54 (12.86% of Ewald)
|                Virial junk                0.78 ( 0.03% of Ewald)
|                Other                      2.29 ( 0.08% of Ewald)
|             Ewald time              2911.55 (100.0% of Nonbo)
|          Nonbond force           2913.72 (99.15% of Force)
|          Bond/Angle/Dihedral       24.57 ( 0.84% of Force)
|          Other                      0.31 ( 0.01% of Force)
|       Force time              2938.59 (100.0% of Runmd)
|    Runmd Time              2938.59 (99.04% of Total)
|    Other                     28.36 ( 0.96% of Total)
| Total time              2966.97 (100.0% of ALL  )

| Number of list builds   :          1

| Highest rstack allocated:    3895019
| Highest istack allocated:      68179
|           Job began  at 11:36:28.434  on 03/30/2021
|           Setup done at 11:36:29.115  on 03/30/2021
|           Run   done at 12:25:55.409  on 03/30/2021
|     wallclock() was called   81332 times

|3D-RISM memory allocation summary
|Type          Maximum        Current   
|Integer       0.00000 GB     0.00000 GB
|Real          0.00000 GB     0.00000 GB
|Logical       0.00000 GB     0.00000 GB
|Character     0.00000 GB     0.00000 GB
|---------------------------------------
|Total         0.00000 GB     0.00000 GB
