Loading and checking parameter files for compatibility...
cpptraj found! Using /home/jiangyao/amber18/bin/cpptraj
sander found! Using /home/jiangyao/amber18/bin/sander
Preparing trajectories for simulation...
1 frames were processed by cpptraj for use in calculation.

Running calculations on normal system...

Beginning GB calculations with /home/jiangyao/amber18/bin/sander
  calculating complex contribution...
  calculating receptor contribution...
  calculating ligand contribution...

Timing:
Total setup time:                           0.030 min.
Creating trajectories with cpptraj:         0.118 min.
Total calculation time:                     0.998 min.

Total GB calculation time:                  0.998 min.

Statistics calculation & output writing:    0.311 min.
Total time taken:                           1.462 min.


MMPBSA.py Finished! Thank you for using. Please cite us if you publish this work with this paper:
   Miller III, B. R., McGee Jr., T. D., Swails, J. M. Homeyer, N. Gohlke, H. and Roitberg, A. E.
   J. Chem. Theory Comput., 2012, 8 (9) pp 3314--3321
