
          -------------------------------------------------------
          Amber 18 SANDER                              2018
          -------------------------------------------------------

| Run on 06/03/2021 at 21:09:39

|   Executable path: /home/yaojiang/amber18/bin/sander
| Working directory: /home/yaojiang/protein-DNA/output/energy_feature/GB1/mt
|          Hostname: localhost.localdomain

  [-O]verwriting output

File Assignments:
|  MDIN: min2.in                                                               
| MDOUT: min2.out                                                              
|INPCRD: min1.rst                                                              
|  PARM: com_solvated.prmtop                                                   
|RESTRT: min2.rst                                                              
|  REFC: min1.rst                                                              
| MDVEL: mdvel                                                                 
| MDFRC: mdfrc                                                                 
|  MDEN: mden                                                                  
| MDCRD: mdcrd                                                                 
|MDINFO: mdinfo                                                                
|  MTMD: mtmd                                                                  
|INPDIP: inpdip                                                                
|RSTDIP: rstdip                                                                
|INPTRA: inptraj                                                               


 Here is the input file:

minimise                                                                       
&cntrl                                                                         
  imin = 1, maxcyc = 5000, ncyc = 2000,                                        
  cut = 10.0, ntb = 1,                                                         
  ntc = 2, ntf = 2,                                                            
  ntpr = 100, ntwx = 0,                                                        
  ntr = 1, restraint_wt = 10, restraintmask = '@CA,C,O,N',                     
/                                                                              

--------------------------------------------------------------------------------
   1.  RESOURCE   USE: 
--------------------------------------------------------------------------------

| Flags:                                                                        
 getting box info from netcdf restart file
| NetCDF restart box info found
|Largest sphere to fit in unit cell has radius =    32.165
| New format PARM file being parsed.
| Version =    1.000 Date = 06/03/21 Time = 21:00:04
 NATOM  =   27694 NTYPES =      20 NBONH =   26531 MBONA  =    1224
 NTHETH =    2184 MTHETA =    1735 NPHIH =    4514 MPHIA  =    4407
 NHPARM =       0 NPARM  =       0 NNB   =   45741 NRES   =    8639
 NBONA  =    1224 NTHETA =    1735 NPHIA =    4407 NUMBND =     102
 NUMANG =     232 NPTRA  =     227 NATYP =      46 NPHB   =       1
 IFBOX  =       1 NMXRS  =      33 IFCAP =       0 NEXTRA =       0
 NCOPY  =       0


|     Memory Use     Allocated
|     Real             2358519
|     Hollerith          91723
|     Integer          1081587
|     Max Pairs       15951744
|     nblistReal        332328
|     nblist Int       1125102
|       Total            92311 kbytes

| Note: 1-4 EEL scale factors are being read from the topology file.

| Note: 1-4 VDW scale factors are being read from the topology file.
| Duplicated    0 dihedrals
| Duplicated    0 dihedrals

     BOX TYPE: RECTILINEAR

--------------------------------------------------------------------------------
   2.  CONTROL  DATA  FOR  THE  RUN
--------------------------------------------------------------------------------

default_name                                                                    

General flags:
     imin    =       1, nmropt  =       0

Nature and format of input:
     ntx     =       1, irest   =       0, ntrx    =       1

Nature and format of output:
     ntxo    =       2, ntpr    =     100, ntrx    =       1, ntwr    =       1
     iwrap   =       0, ntwx    =       0, ntwv    =       0, ntwe    =       0
     ioutfm  =       1, ntwprt  =       0, idecomp =       0, rbornstat=      0

Potential function:
     ntf     =       2, ntb     =       1, igb     =       0, nsnb    =      25
     ipol    =       0, gbsa    =       0, iesp    =       0
     dielc   =   1.00000, cut     =  10.00000, intdiel =   1.00000

Frozen or restrained atoms:
     ibelly  =       0, ntr     =       1
     restraint_wt =  10.00000

Energy minimization:
     maxcyc  =    5000, ncyc    =    2000, ntmin   =       1
     dx0     =   0.01000, drms    =   0.00010

SHAKE:
     ntc     =       2, jfastw  =       0
     tol     =   0.00001

Ewald parameters:
     verbose =       0, ew_type =       0, nbflag  =       1, use_pme =       1
     vdwmeth =       1, eedmeth =       1, netfrc  =       0
     Box X =   64.330   Box Y =   72.245   Box Z =   75.000
     Alpha =   90.000   Beta  =   90.000   Gamma =   90.000
     NFFT1 =   64       NFFT2 =   72       NFFT3 =   75
     Cutoff=   10.000   Tol   =0.100E-04
     Ewald Coefficient =  0.27511
     Interpolation order =    4
|  INFO: Old style inpcrd file read


    LOADING THE CONSTRAINED ATOMS AS GROUPS


   5.  REFERENCE ATOM COORDINATES

  defa
     Mask @CA,C,O,N; matches  8864 atoms

--------------------------------------------------------------------------------
   3.  ATOMIC COORDINATES AND VELOCITIES
--------------------------------------------------------------------------------

default_name                                                                    
 begin time read from input coords =     0.000 ps

 Number of triangulated 3-point waters found:     8524

     Sum of charges from parm topology file =   0.00000010
     Forcing neutrality...

--------------------------------------------------------------------------------
   4.  RESULTS
--------------------------------------------------------------------------------

 ---------------------------------------------------
 APPROXIMATING switch and d/dx switch using CUBIC SPLINE INTERPOLATION
 using   5000.0 points per unit in tabled values
 TESTING RELATIVE ERROR over r ranging from 0.0 to cutoff
| CHECK switch(x): max rel err =   0.2738E-14   at   2.422500
| CHECK d/dx switch(x): max rel err =   0.8314E-11   at   2.736960
 ---------------------------------------------------
| Local SIZE OF NONBOND LIST =    8111544
| TOTAL SIZE OF NONBOND LIST =    8111544


   NSTEP       ENERGY          RMS            GMAX         NAME    NUMBER
      1      -8.2307E+04     1.4314E+01     9.5700E+01     O        2113

 BOND    =       60.0418  ANGLE   =      507.9045  DIHED      =     1464.6623
 VDWAALS =     6290.3490  EEL     =   -89177.6411  HBOND      =        0.0000
 1-4 VDW =      551.6045  1-4 EEL =    -2003.6520  RESTRAINT  =        0.0000
 EAMBER  =   -82306.7311


   NSTEP       ENERGY          RMS            GMAX         NAME    NUMBER
    100      -8.3102E+04     1.3544E+01     4.1039E+01     OXT      2114

 BOND    =       62.4456  ANGLE   =      400.0959  DIHED      =     1464.0746
 VDWAALS =     5186.4707  EEL     =   -89415.1743  HBOND      =        0.0000
 1-4 VDW =      528.1871  1-4 EEL =    -2068.1120  RESTRAINT  =      740.3277
 EAMBER  =   -83842.0124


   NSTEP       ENERGY          RMS            GMAX         NAME    NUMBER
    200      -8.3102E+04     1.3544E+01     4.1039E+01     OXT      2114

 BOND    =       62.4456  ANGLE   =      400.0953  DIHED      =     1464.0745
 VDWAALS =     5186.4570  EEL     =   -89415.1720  HBOND      =        0.0000
 1-4 VDW =      528.1868  1-4 EEL =    -2068.1131  RESTRAINT  =      740.3532
 EAMBER  =   -83842.0259


   NSTEP       ENERGY          RMS            GMAX         NAME    NUMBER
    300      -8.3102E+04     1.3544E+01     4.1039E+01     OXT      2114

 BOND    =       62.4457  ANGLE   =      400.0945  DIHED      =     1464.0743
 VDWAALS =     5186.4429  EEL     =   -89415.1718  HBOND      =        0.0000
 1-4 VDW =      528.1866  1-4 EEL =    -2068.1140  RESTRAINT  =      740.3784
 EAMBER  =   -83842.0418


   NSTEP       ENERGY          RMS            GMAX         NAME    NUMBER
    400      -8.3102E+04     1.3544E+01     4.1039E+01     OXT      2114

 BOND    =       62.4457  ANGLE   =      400.0938  DIHED      =     1464.0743
 VDWAALS =     5186.4295  EEL     =   -89415.1670  HBOND      =        0.0000
 1-4 VDW =      528.1863  1-4 EEL =    -2068.1147  RESTRAINT  =      740.4029
 EAMBER  =   -83842.0522


   NSTEP       ENERGY          RMS            GMAX         NAME    NUMBER
    500      -8.3102E+04     1.3544E+01     4.1039E+01     OXT      2114

 BOND    =       62.4458  ANGLE   =      400.0930  DIHED      =     1464.0742
 VDWAALS =     5186.4157  EEL     =   -89415.1636  HBOND      =        0.0000
 1-4 VDW =      528.1860  1-4 EEL =    -2068.1157  RESTRAINT  =      740.4273
 EAMBER  =   -83842.0647


   NSTEP       ENERGY          RMS            GMAX         NAME    NUMBER
    600      -8.3102E+04     1.3544E+01     4.1039E+01     OXT      2114

 BOND    =       62.4458  ANGLE   =      400.0923  DIHED      =     1464.0740
 VDWAALS =     5186.4019  EEL     =   -89415.1621  HBOND      =        0.0000
 1-4 VDW =      528.1857  1-4 EEL =    -2068.1168  RESTRAINT  =      740.4524
 EAMBER  =   -83842.0790


   NSTEP       ENERGY          RMS            GMAX         NAME    NUMBER
    700      -8.3102E+04     1.3544E+01     4.1039E+01     OXT      2114

 BOND    =       62.4459  ANGLE   =      400.0916  DIHED      =     1464.0739
 VDWAALS =     5186.3882  EEL     =   -89415.1598  HBOND      =        0.0000
 1-4 VDW =      528.1854  1-4 EEL =    -2068.1176  RESTRAINT  =      740.4770
 EAMBER  =   -83842.0923


   NSTEP       ENERGY          RMS            GMAX         NAME    NUMBER
    800      -8.3102E+04     1.3544E+01     4.1039E+01     OXT      2114

 BOND    =       62.4459  ANGLE   =      400.0909  DIHED      =     1464.0738
 VDWAALS =     5186.3747  EEL     =   -89415.1563  HBOND      =        0.0000
 1-4 VDW =      528.1851  1-4 EEL =    -2068.1181  RESTRAINT  =      740.5015
 EAMBER  =   -83842.1039


   NSTEP       ENERGY          RMS            GMAX         NAME    NUMBER
    900      -8.3102E+04     1.3544E+01     4.1039E+01     OXT      2114

 BOND    =       62.4459  ANGLE   =      400.0902  DIHED      =     1464.0737
 VDWAALS =     5186.3612  EEL     =   -89415.1529  HBOND      =        0.0000
 1-4 VDW =      528.1849  1-4 EEL =    -2068.1190  RESTRAINT  =      740.5259
 EAMBER  =   -83842.1160


   NSTEP       ENERGY          RMS            GMAX         NAME    NUMBER
   1000      -8.3102E+04     1.3544E+01     4.1039E+01     OXT      2114

 BOND    =       62.4460  ANGLE   =      400.0894  DIHED      =     1464.0736
 VDWAALS =     5186.3477  EEL     =   -89415.1495  HBOND      =        0.0000
 1-4 VDW =      528.1846  1-4 EEL =    -2068.1197  RESTRAINT  =      740.5504
 EAMBER  =   -83842.1278


   NSTEP       ENERGY          RMS            GMAX         NAME    NUMBER
   1100      -8.3102E+04     1.3544E+01     4.1039E+01     OXT      2114

 BOND    =       62.4460  ANGLE   =      400.0888  DIHED      =     1464.0735
 VDWAALS =     5186.3340  EEL     =   -89415.1467  HBOND      =        0.0000
 1-4 VDW =      528.1844  1-4 EEL =    -2068.1206  RESTRAINT  =      740.5748
 EAMBER  =   -83842.1405


   NSTEP       ENERGY          RMS            GMAX         NAME    NUMBER
   1200      -8.3102E+04     1.3544E+01     4.1039E+01     OXT      2114

 BOND    =       62.4461  ANGLE   =      400.0881  DIHED      =     1464.0734
 VDWAALS =     5186.3202  EEL     =   -89415.1434  HBOND      =        0.0000
 1-4 VDW =      528.1841  1-4 EEL =    -2068.1215  RESTRAINT  =      740.5992
 EAMBER  =   -83842.1530


   NSTEP       ENERGY          RMS            GMAX         NAME    NUMBER
   1300      -8.3102E+04     1.3544E+01     4.1039E+01     OXT      2114

 BOND    =       62.4461  ANGLE   =      400.0874  DIHED      =     1464.0733
 VDWAALS =     5186.3069  EEL     =   -89415.1385  HBOND      =        0.0000
 1-4 VDW =      528.1838  1-4 EEL =    -2068.1227  RESTRAINT  =      740.6237
 EAMBER  =   -83842.1638


   NSTEP       ENERGY          RMS            GMAX         NAME    NUMBER
   1400      -8.3102E+04     1.3544E+01     4.1039E+01     OXT      2114

 BOND    =       62.4461  ANGLE   =      400.0867  DIHED      =     1464.0732
 VDWAALS =     5186.2935  EEL     =   -89415.1356  HBOND      =        0.0000
 1-4 VDW =      528.1835  1-4 EEL =    -2068.1233  RESTRAINT  =      740.6481
 EAMBER  =   -83842.1759


   NSTEP       ENERGY          RMS            GMAX         NAME    NUMBER
   1500      -8.3102E+04     1.3544E+01     4.1039E+01     OXT      2114

 BOND    =       62.4462  ANGLE   =      400.0859  DIHED      =     1464.0731
 VDWAALS =     5186.2802  EEL     =   -89415.1329  HBOND      =        0.0000
 1-4 VDW =      528.1832  1-4 EEL =    -2068.1235  RESTRAINT  =      740.6725
 EAMBER  =   -83842.1877


   NSTEP       ENERGY          RMS            GMAX         NAME    NUMBER
   1600      -8.3102E+04     1.3544E+01     4.1039E+01     OXT      2114

 BOND    =       62.4463  ANGLE   =      400.0852  DIHED      =     1464.0730
 VDWAALS =     5186.2661  EEL     =   -89415.1300  HBOND      =        0.0000
 1-4 VDW =      528.1830  1-4 EEL =    -2068.1245  RESTRAINT  =      740.6976
 EAMBER  =   -83842.2009


   NSTEP       ENERGY          RMS            GMAX         NAME    NUMBER
   1700      -8.3101E+04     1.3544E+01     4.1039E+01     OXT      2114

 BOND    =       62.4463  ANGLE   =      400.0844  DIHED      =     1464.0729
 VDWAALS =     5186.2524  EEL     =   -89415.1286  HBOND      =        0.0000
 1-4 VDW =      528.1826  1-4 EEL =    -2068.1250  RESTRAINT  =      740.7240
 EAMBER  =   -83842.2149


   NSTEP       ENERGY          RMS            GMAX         NAME    NUMBER
   1800      -8.3101E+04     1.3544E+01     4.1039E+01     OXT      2114

 BOND    =       62.4463  ANGLE   =      400.0837  DIHED      =     1464.0728
 VDWAALS =     5186.2384  EEL     =   -89415.1279  HBOND      =        0.0000
 1-4 VDW =      528.1824  1-4 EEL =    -2068.1264  RESTRAINT  =      740.7497
 EAMBER  =   -83842.2307


   NSTEP       ENERGY          RMS            GMAX         NAME    NUMBER
   1900      -8.3101E+04     1.3543E+01     4.1039E+01     OXT      2114

 BOND    =       62.4464  ANGLE   =      400.0830  DIHED      =     1464.0727
 VDWAALS =     5186.2250  EEL     =   -89415.1241  HBOND      =        0.0000
 1-4 VDW =      528.1821  1-4 EEL =    -2068.1271  RESTRAINT  =      740.7742
 EAMBER  =   -83842.2421


   NSTEP       ENERGY          RMS            GMAX         NAME    NUMBER
   2000      -8.3101E+04     1.3543E+01     4.1039E+01     OXT      2114

 BOND    =       62.4464  ANGLE   =      400.0823  DIHED      =     1464.0726
 VDWAALS =     5186.2110  EEL     =   -89415.1190  HBOND      =        0.0000
 1-4 VDW =      528.1818  1-4 EEL =    -2068.1279  RESTRAINT  =      740.7986
 EAMBER  =   -83842.2527

     ... RESTARTED DUE TO LINMIN FAILURE ...

     ... RESTARTED DUE TO LINMIN FAILURE ...

     ... RESTARTED DUE TO LINMIN FAILURE ...

     ... RESTARTED DUE TO LINMIN FAILURE ...


   NSTEP       ENERGY          RMS            GMAX         NAME    NUMBER
   2100      -8.3101E+04     1.3543E+01     4.1039E+01     OXT      2114

 BOND    =       62.4464  ANGLE   =      400.0821  DIHED      =     1464.0726
 VDWAALS =     5186.2070  EEL     =   -89415.1188  HBOND      =        0.0000
 1-4 VDW =      528.1817  1-4 EEL =    -2068.1281  RESTRAINT  =      740.8059
 EAMBER  =   -83842.2571

     ... RESTARTED DUE TO LINMIN FAILURE ...

     ***** REPEATED LINMIN FAILURE *****

     ***** SEE http://ambermd.org/Questions/linmin.html FOR MORE INFO *****


                    FINAL RESULTS



   NSTEP       ENERGY          RMS            GMAX         NAME    NUMBER
   2114      -8.3101E+04     1.3543E+01     4.1039E+01     OXT      2114

 BOND    =       62.4464  ANGLE   =      400.0820  DIHED      =     1464.0726
 VDWAALS =     5186.2064  EEL     =   -89415.1187  HBOND      =        0.0000
 1-4 VDW =      528.1817  1-4 EEL =    -2068.1281  RESTRAINT  =      740.8069
 EAMBER  =   -83842.2577

--------------------------------------------------------------------------------
   5.  TIMINGS
--------------------------------------------------------------------------------

|                Build the list             0.38 (64.85% of List )
|                Other                      0.20 (35.15% of List )
|             List time                  0.58 ( 0.10% of Nonbo)
|                   Short_ene time           488.18 (99.46% of Direc)
|                   Other                      2.66 ( 0.54% of Direc)
|                Direct Ewald time        490.84 (87.23% of Ewald)
|                Adjust Ewald time          2.58 ( 0.46% of Ewald)
|                   Fill Bspline coeffs        2.71 ( 3.95% of Recip)
|                   Fill charge grid           7.23 (10.52% of Recip)
|                   Scalar sum                16.76 (24.40% of Recip)
|                   Grad sum                  15.69 (22.83% of Recip)
|                   FFT time                  26.30 (38.29% of Recip)
|                   Other                      0.00 ( 0.01% of Recip)
|                Recip Ewald time          68.70 (12.21% of Ewald)
|                Virial junk                0.18 ( 0.03% of Ewald)
|                Other                      0.40 ( 0.07% of Ewald)
|             Ewald time               562.71 (99.90% of Nonbo)
|          Nonbond force            563.29 (99.07% of Force)
|          Bond/Angle/Dihedral        5.00 ( 0.88% of Force)
|          Other                      0.31 ( 0.05% of Force)
|       Force time               568.60 (100.0% of Runmd)
|    Runmd Time               568.60 (98.87% of Total)
|    Other                      6.52 ( 1.13% of Total)
| Total time               575.12 (100.0% of ALL  )

| Number of list builds   :          1

| Highest rstack allocated:    1492692
| Highest istack allocated:      27694
|           Job began  at 21:09:39.259  on 06/03/2021
|           Setup done at 21:09:39.563  on 06/03/2021
|           Run   done at 21:19:14.380  on 06/03/2021
|     wallclock() was called   80382 times

|3D-RISM memory allocation summary
|Type          Maximum        Current   
|Integer       0.00000 GB     0.00000 GB
|Real          0.00000 GB     0.00000 GB
|Logical       0.00000 GB     0.00000 GB
|Character     0.00000 GB     0.00000 GB
|---------------------------------------
|Total         0.00000 GB     0.00000 GB
